TpTrace Verbose: 0 : 79224, 1, 2022/03/16, 16:16:46.403, 7141163441932, vstest.console.dll, Version: 17.0.0
TpTrace Information: 0 : 79224, 1, 2022/03/16, 16:16:46.418, 7141163558893, vstest.console.dll, FilePatternParser: The given file C:\Users\p.terzis\source\repos\BDDExercise\BDDExercise\bin\Debug\net6.0\fine-code-coverage\build-output\BDDExercise.dll is a full path.
TpTrace Verbose: 0 : 79224, 1, 2022/03/16, 16:16:46.426, 7141163641575, vstest.console.dll, TestPluginCache.DiscoverTestExtensions: finding test extensions in assemblies ends with: RuntimeProvider.dll TPluginInfo: Microsoft.VisualStudio.TestPlatform.Common.ExtensionFramework.Utilities.TestRuntimePluginInformation TExtension: Microsoft.VisualStudio.TestPlatform.ObjectModel.Host.ITestRuntimeProvider
TpTrace Verbose: 0 : 79224, 1, 2022/03/16, 16:16:46.427, 7141163652169, vstest.console.dll, TestPluginCache.GetExtensionPaths: Filtered extension paths: 
TpTrace Verbose: 0 : 79224, 1, 2022/03/16, 16:16:46.428, 7141163654759, vstest.console.dll, TestPluginCache.GetExtensionPaths: Added default extension paths: C:\Program Files\dotnet\sdk\6.0.102\Extensions\Microsoft.Diagnostics.NETCore.Client.dll
C:\Program Files\dotnet\sdk\6.0.102\Extensions\Microsoft.TestPlatform.Extensions.BlameDataCollector.dll
C:\Program Files\dotnet\sdk\6.0.102\Extensions\Microsoft.TestPlatform.Extensions.EventLogCollector.dll
C:\Program Files\dotnet\sdk\6.0.102\Extensions\Microsoft.TestPlatform.TestHostRuntimeProvider.dll
C:\Program Files\dotnet\sdk\6.0.102\Extensions\Microsoft.VisualStudio.TestPlatform.Extensions.Html.TestLogger.dll
C:\Program Files\dotnet\sdk\6.0.102\Extensions\Microsoft.VisualStudio.TestPlatform.Extensions.Trx.TestLogger.dll
TpTrace Verbose: 0 : 79224, 1, 2022/03/16, 16:16:46.428, 7141163656682, vstest.console.dll, TestPluginCache.GetExtensionPaths: Added unfilterableExtensionPaths: 
TpTrace Information: 0 : 79224, 1, 2022/03/16, 16:16:46.429, 7141163667729, vstest.console.dll, AssemblyResolver.ctor: Creating AssemblyResolver with searchDirectories C:\Program Files\dotnet\sdk\6.0.102\Extensions,C:\Program Files\dotnet\sdk\6.0.102
TpTrace Verbose: 0 : 79224, 1, 2022/03/16, 16:16:46.432, 7141163695258, vstest.console.dll, TestPluginCache.DiscoverTestExtensions: Discovering the extensions using extension path.
TpTrace Verbose: 0 : 79224, 1, 2022/03/16, 16:16:46.432, 7141163698212, vstest.console.dll, TestPluginCache.GetExtensionPaths: Filtered extension paths: 
TpTrace Verbose: 0 : 79224, 1, 2022/03/16, 16:16:46.432, 7141163700119, vstest.console.dll, TestPluginCache.GetExtensionPaths: Added default extension paths: C:\Program Files\dotnet\sdk\6.0.102\Extensions\Microsoft.Diagnostics.NETCore.Client.dll
C:\Program Files\dotnet\sdk\6.0.102\Extensions\Microsoft.TestPlatform.Extensions.BlameDataCollector.dll
C:\Program Files\dotnet\sdk\6.0.102\Extensions\Microsoft.TestPlatform.Extensions.EventLogCollector.dll
C:\Program Files\dotnet\sdk\6.0.102\Extensions\Microsoft.TestPlatform.TestHostRuntimeProvider.dll
C:\Program Files\dotnet\sdk\6.0.102\Extensions\Microsoft.VisualStudio.TestPlatform.Extensions.Html.TestLogger.dll
C:\Program Files\dotnet\sdk\6.0.102\Extensions\Microsoft.VisualStudio.TestPlatform.Extensions.Trx.TestLogger.dll
TpTrace Verbose: 0 : 79224, 1, 2022/03/16, 16:16:46.432, 7141163701820, vstest.console.dll, TestPluginCache.GetExtensionPaths: Added unfilterableExtensionPaths: 
TpTrace Verbose: 0 : 79224, 1, 2022/03/16, 16:16:46.433, 7141163703838, vstest.console.dll, TestPluginCache.DiscoverTestExtensions: Discovering the extensions using allExtensionPaths: C:\Program Files\dotnet\sdk\6.0.102\Extensions\Microsoft.Diagnostics.NETCore.Client.dll
C:\Program Files\dotnet\sdk\6.0.102\Extensions\Microsoft.TestPlatform.Extensions.BlameDataCollector.dll
C:\Program Files\dotnet\sdk\6.0.102\Extensions\Microsoft.TestPlatform.Extensions.EventLogCollector.dll
C:\Program Files\dotnet\sdk\6.0.102\Extensions\Microsoft.TestPlatform.TestHostRuntimeProvider.dll
C:\Program Files\dotnet\sdk\6.0.102\Extensions\Microsoft.VisualStudio.TestPlatform.Extensions.Html.TestLogger.dll
C:\Program Files\dotnet\sdk\6.0.102\Extensions\Microsoft.VisualStudio.TestPlatform.Extensions.Trx.TestLogger.dll
TpTrace Information: 0 : 79224, 1, 2022/03/16, 16:16:46.433, 7141163708116, vstest.console.dll, AssemblyResolver.AddSearchDirectories: Adding more searchDirectories C:\Program Files\dotnet\sdk\6.0.102\Extensions,C:\Program Files\dotnet\sdk\6.0.102
TpTrace Information: 0 : 79224, 1, 2022/03/16, 16:16:46.433, 7141163710153, vstest.console.dll, AssemblyResolver.AddSearchDirectories: Adding more searchDirectories C:\Program Files\dotnet\sdk\6.0.102\Extensions,C:\Program Files\dotnet\sdk\6.0.102
TpTrace Information: 0 : 79224, 1, 2022/03/16, 16:16:46.433, 7141163711893, vstest.console.dll, AssemblyResolver.AddSearchDirectories: Adding more searchDirectories C:\Program Files\dotnet\sdk\6.0.102\Extensions,C:\Program Files\dotnet\sdk\6.0.102
TpTrace Information: 0 : 79224, 1, 2022/03/16, 16:16:46.434, 7141163713574, vstest.console.dll, AssemblyResolver.AddSearchDirectories: Adding more searchDirectories C:\Program Files\dotnet\sdk\6.0.102\Extensions,C:\Program Files\dotnet\sdk\6.0.102
TpTrace Information: 0 : 79224, 1, 2022/03/16, 16:16:46.434, 7141163715214, vstest.console.dll, AssemblyResolver.AddSearchDirectories: Adding more searchDirectories C:\Program Files\dotnet\sdk\6.0.102\Extensions,C:\Program Files\dotnet\sdk\6.0.102
TpTrace Information: 0 : 79224, 1, 2022/03/16, 16:16:46.434, 7141163716934, vstest.console.dll, AssemblyResolver.AddSearchDirectories: Adding more searchDirectories C:\Program Files\dotnet\sdk\6.0.102\Extensions,C:\Program Files\dotnet\sdk\6.0.102
TpTrace Information: 0 : 79224, 1, 2022/03/16, 16:16:46.434, 7141163721533, vstest.console.dll, AssemblyResolver.OnResolve: Microsoft.Diagnostics.NETCore.Client: Resolving assembly.
TpTrace Information: 0 : 79224, 1, 2022/03/16, 16:16:46.435, 7141163723746, vstest.console.dll, AssemblyResolver.OnResolve: Microsoft.Diagnostics.NETCore.Client: Searching in: 'C:\Program Files\dotnet\sdk\6.0.102\Extensions'.
TpTrace Information: 0 : 79224, 1, 2022/03/16, 16:16:46.435, 7141163730016, vstest.console.dll, AssemblyResolver.OnResolve: Microsoft.Diagnostics.NETCore.Client: Loading assembly 'C:\Program Files\dotnet\sdk\6.0.102\Extensions\Microsoft.Diagnostics.NETCore.Client.dll'.
TpTrace Information: 0 : 79224, 1, 2022/03/16, 16:16:46.438, 7141163753426, vstest.console.dll, AssemblyResolver.OnResolve: Resolved assembly: Microsoft.Diagnostics.NETCore.Client, from path: C:\Program Files\dotnet\sdk\6.0.102\Extensions\Microsoft.Diagnostics.NETCore.Client.dll
TpTrace Information: 0 : 79224, 1, 2022/03/16, 16:16:46.447, 7141163845030, vstest.console.dll, AssemblyResolver.OnResolve: Microsoft.Bcl.AsyncInterfaces: Resolving assembly.
TpTrace Information: 0 : 79224, 1, 2022/03/16, 16:16:46.447, 7141163848624, vstest.console.dll, AssemblyResolver.OnResolve: Microsoft.Bcl.AsyncInterfaces: Searching in: 'C:\Program Files\dotnet\sdk\6.0.102\Extensions'.
TpTrace Information: 0 : 79224, 1, 2022/03/16, 16:16:46.447, 7141163851377, vstest.console.dll, AssemblyResolver.OnResolve: Microsoft.Bcl.AsyncInterfaces: Assembly path does not exist: 'C:\Program Files\dotnet\sdk\6.0.102\Extensions\Microsoft.Bcl.AsyncInterfaces.dll', returning.
TpTrace Information: 0 : 79224, 1, 2022/03/16, 16:16:46.448, 7141163853655, vstest.console.dll, AssemblyResolver.OnResolve: Microsoft.Bcl.AsyncInterfaces: Assembly path does not exist: 'C:\Program Files\dotnet\sdk\6.0.102\Extensions\Microsoft.Bcl.AsyncInterfaces.exe', returning.
TpTrace Information: 0 : 79224, 1, 2022/03/16, 16:16:46.448, 7141163855336, vstest.console.dll, AssemblyResolver.OnResolve: Microsoft.Bcl.AsyncInterfaces: Searching in: 'C:\Program Files\dotnet\sdk\6.0.102'.
TpTrace Information: 0 : 79224, 1, 2022/03/16, 16:16:46.448, 7141163857420, vstest.console.dll, AssemblyResolver.OnResolve: Microsoft.Bcl.AsyncInterfaces: Assembly path does not exist: 'C:\Program Files\dotnet\sdk\6.0.102\Microsoft.Bcl.AsyncInterfaces.dll', returning.
TpTrace Information: 0 : 79224, 1, 2022/03/16, 16:16:46.448, 7141163859521, vstest.console.dll, AssemblyResolver.OnResolve: Microsoft.Bcl.AsyncInterfaces: Assembly path does not exist: 'C:\Program Files\dotnet\sdk\6.0.102\Microsoft.Bcl.AsyncInterfaces.exe', returning.
TpTrace Information: 0 : 79224, 1, 2022/03/16, 16:16:46.449, 7141163862997, vstest.console.dll, AssemblyResolver.OnResolve: Microsoft.Bcl.AsyncInterfaces: Failed to load assembly.
TpTrace Verbose: 0 : 79224, 1, 2022/03/16, 16:16:46.449, 7141163864880, vstest.console.dll, CurrentDomainAssemblyResolve: Resolving assembly 'Microsoft.Bcl.AsyncInterfaces'.
TpTrace Information: 0 : 79224, 1, 2022/03/16, 16:16:46.449, 7141163866889, vstest.console.dll, AssemblyResolver.OnResolve: Microsoft.Bcl.AsyncInterfaces: Resolving assembly.
TpTrace Information: 0 : 79224, 1, 2022/03/16, 16:16:46.449, 7141163868680, vstest.console.dll, AssemblyResolver.OnResolve: Microsoft.Bcl.AsyncInterfaces: Resolved from cache.
TpTrace Verbose: 0 : 79224, 1, 2022/03/16, 16:16:46.449, 7141163870357, vstest.console.dll, CurrentDomainAssemblyResolve: Resolving assembly 'Microsoft.Bcl.AsyncInterfaces'.
TpTrace Verbose: 0 : 79224, 1, 2022/03/16, 16:16:46.449, 7141163872133, vstest.console.dll, CurrentDomainAssemblyResolve: Failed to resolve assembly 'Microsoft.Bcl.AsyncInterfaces'.
TpTrace Verbose: 0 : 79224, 1, 2022/03/16, 16:16:46.450, 7141163878211, vstest.console.dll, CurrentDomainAssemblyResolve: Failed to resolve assembly 'Microsoft.Bcl.AsyncInterfaces'.
TpTrace Warning: 0 : 79224, 1, 2022/03/16, 16:16:46.472, 7141164101968, vstest.console.dll, TestPluginDiscoverer: Failed to get types from assembly 'Microsoft.Diagnostics.NETCore.Client, Version=0.2.4.21401, Culture=neutral, PublicKeyToken=31bf3856ad364e35'.  Skipping test extension scan for this assembly.  Error: System.Reflection.ReflectionTypeLoadException: Unable to load one or more of the requested types.
Could not load file or assembly 'Microsoft.Bcl.AsyncInterfaces, Version=1.0.0.0, Culture=neutral, PublicKeyToken=cc7b13ffcd2ddd51'. The system cannot find the file specified.
   at System.Reflection.RuntimeModule.GetTypes(RuntimeModule module)
   at System.Reflection.Assembly.GetTypes()
   at Microsoft.VisualStudio.TestPlatform.Common.ExtensionFramework.TestPluginDiscoverer.GetTestExtensionsFromAssembly[TPluginInfo,TExtension](Assembly assembly, Dictionary`2 pluginInfos)
System.IO.FileNotFoundException: Could not load file or assembly 'Microsoft.Bcl.AsyncInterfaces, Version=1.0.0.0, Culture=neutral, PublicKeyToken=cc7b13ffcd2ddd51'. The system cannot find the file specified.
File name: 'Microsoft.Bcl.AsyncInterfaces, Version=1.0.0.0, Culture=neutral, PublicKeyToken=cc7b13ffcd2ddd51'
 ---> System.IO.FileNotFoundException: Could not load file or assembly 'Microsoft.Bcl.AsyncInterfaces, Culture=neutral, PublicKeyToken=null'. The system cannot find the file specified.
File name: 'Microsoft.Bcl.AsyncInterfaces, Culture=neutral, PublicKeyToken=null'
   at System.Reflection.RuntimeAssembly.InternalLoad(ObjectHandleOnStack assemblyName, ObjectHandleOnStack requestingAssembly, StackCrawlMarkHandle stackMark, Boolean throwOnFileNotFound, ObjectHandleOnStack assemblyLoadContext, ObjectHandleOnStack retAssembly)
   at System.Reflection.RuntimeAssembly.InternalLoad(AssemblyName assemblyName, RuntimeAssembly requestingAssembly, StackCrawlMark& stackMark, Boolean throwOnFileNotFound, AssemblyLoadContext assemblyLoadContext)
   at System.Reflection.Assembly.Load(AssemblyName assemblyRef)
   at Microsoft.VisualStudio.TestPlatform.Common.ExtensionFramework.TestPluginCache.CurrentDomainAssemblyResolve(Object sender, AssemblyResolveEventArgs args)
   at Microsoft.VisualStudio.TestPlatform.PlatformAbstractions.PlatformAssemblyResolver.AssemblyResolverEvent(Object sender, Object eventArgs)
   at System.Runtime.Loader.AssemblyLoadContext.GetFirstResolvedAssemblyFromResolvingEvent(AssemblyName assemblyName)
   at System.Runtime.Loader.AssemblyLoadContext.ResolveUsingEvent(AssemblyName assemblyName)
   at System.Runtime.Loader.AssemblyLoadContext.ResolveUsingResolvingEvent(IntPtr gchManagedAssemblyLoadContext, AssemblyName assemblyName)
TpTrace Warning: 0 : 79224, 1, 2022/03/16, 16:16:46.473, 7141164107357, vstest.console.dll, LoaderExceptions: System.IO.FileNotFoundException: Could not load file or assembly 'Microsoft.Bcl.AsyncInterfaces, Version=1.0.0.0, Culture=neutral, PublicKeyToken=cc7b13ffcd2ddd51'. The system cannot find the file specified.
File name: 'Microsoft.Bcl.AsyncInterfaces, Version=1.0.0.0, Culture=neutral, PublicKeyToken=cc7b13ffcd2ddd51'
 ---> System.IO.FileNotFoundException: Could not load file or assembly 'Microsoft.Bcl.AsyncInterfaces, Culture=neutral, PublicKeyToken=null'. The system cannot find the file specified.
File name: 'Microsoft.Bcl.AsyncInterfaces, Culture=neutral, PublicKeyToken=null'
   at System.Reflection.RuntimeAssembly.InternalLoad(ObjectHandleOnStack assemblyName, ObjectHandleOnStack requestingAssembly, StackCrawlMarkHandle stackMark, Boolean throwOnFileNotFound, ObjectHandleOnStack assemblyLoadContext, ObjectHandleOnStack retAssembly)
   at System.Reflection.RuntimeAssembly.InternalLoad(AssemblyName assemblyName, RuntimeAssembly requestingAssembly, StackCrawlMark& stackMark, Boolean throwOnFileNotFound, AssemblyLoadContext assemblyLoadContext)
   at System.Reflection.Assembly.Load(AssemblyName assemblyRef)
   at Microsoft.VisualStudio.TestPlatform.Common.ExtensionFramework.TestPluginCache.CurrentDomainAssemblyResolve(Object sender, AssemblyResolveEventArgs args)
   at Microsoft.VisualStudio.TestPlatform.PlatformAbstractions.PlatformAssemblyResolver.AssemblyResolverEvent(Object sender, Object eventArgs)
   at System.Runtime.Loader.AssemblyLoadContext.GetFirstResolvedAssemblyFromResolvingEvent(AssemblyName assemblyName)
   at System.Runtime.Loader.AssemblyLoadContext.ResolveUsingEvent(AssemblyName assemblyName)
   at System.Runtime.Loader.AssemblyLoadContext.ResolveUsingResolvingEvent(IntPtr gchManagedAssemblyLoadContext, AssemblyName assemblyName)
TpTrace Information: 0 : 79224, 1, 2022/03/16, 16:16:46.473, 7141164109735, vstest.console.dll, AssemblyResolver.OnResolve: Microsoft.TestPlatform.Extensions.BlameDataCollector: Resolving assembly.
TpTrace Information: 0 : 79224, 1, 2022/03/16, 16:16:46.473, 7141164111470, vstest.console.dll, AssemblyResolver.OnResolve: Microsoft.TestPlatform.Extensions.BlameDataCollector: Searching in: 'C:\Program Files\dotnet\sdk\6.0.102\Extensions'.
TpTrace Information: 0 : 79224, 1, 2022/03/16, 16:16:46.474, 7141164116329, vstest.console.dll, AssemblyResolver.OnResolve: Microsoft.TestPlatform.Extensions.BlameDataCollector: Loading assembly 'C:\Program Files\dotnet\sdk\6.0.102\Extensions\Microsoft.TestPlatform.Extensions.BlameDataCollector.dll'.
TpTrace Information: 0 : 79224, 1, 2022/03/16, 16:16:46.476, 7141164140968, vstest.console.dll, AssemblyResolver.OnResolve: Resolved assembly: Microsoft.TestPlatform.Extensions.BlameDataCollector, from path: C:\Program Files\dotnet\sdk\6.0.102\Extensions\Microsoft.TestPlatform.Extensions.BlameDataCollector.dll
TpTrace Information: 0 : 79224, 1, 2022/03/16, 16:16:46.477, 7141164149870, vstest.console.dll, AssemblyResolver.OnResolve: Microsoft.TestPlatform.Extensions.EventLogCollector: Resolving assembly.
TpTrace Information: 0 : 79224, 1, 2022/03/16, 16:16:46.477, 7141164152112, vstest.console.dll, AssemblyResolver.OnResolve: Microsoft.TestPlatform.Extensions.EventLogCollector: Searching in: 'C:\Program Files\dotnet\sdk\6.0.102\Extensions'.
TpTrace Information: 0 : 79224, 1, 2022/03/16, 16:16:46.478, 7141164157051, vstest.console.dll, AssemblyResolver.OnResolve: Microsoft.TestPlatform.Extensions.EventLogCollector: Loading assembly 'C:\Program Files\dotnet\sdk\6.0.102\Extensions\Microsoft.TestPlatform.Extensions.EventLogCollector.dll'.
TpTrace Information: 0 : 79224, 1, 2022/03/16, 16:16:46.480, 7141164180159, vstest.console.dll, AssemblyResolver.OnResolve: Resolved assembly: Microsoft.TestPlatform.Extensions.EventLogCollector, from path: C:\Program Files\dotnet\sdk\6.0.102\Extensions\Microsoft.TestPlatform.Extensions.EventLogCollector.dll
TpTrace Information: 0 : 79224, 1, 2022/03/16, 16:16:46.485, 7141164229037, vstest.console.dll, AssemblyResolver.OnResolve: Microsoft.TestPlatform.TestHostRuntimeProvider: Resolving assembly.
TpTrace Information: 0 : 79224, 1, 2022/03/16, 16:16:46.485, 7141164231429, vstest.console.dll, AssemblyResolver.OnResolve: Microsoft.TestPlatform.TestHostRuntimeProvider: Searching in: 'C:\Program Files\dotnet\sdk\6.0.102\Extensions'.
TpTrace Information: 0 : 79224, 1, 2022/03/16, 16:16:46.486, 7141164236201, vstest.console.dll, AssemblyResolver.OnResolve: Microsoft.TestPlatform.TestHostRuntimeProvider: Loading assembly 'C:\Program Files\dotnet\sdk\6.0.102\Extensions\Microsoft.TestPlatform.TestHostRuntimeProvider.dll'.
TpTrace Information: 0 : 79224, 1, 2022/03/16, 16:16:46.488, 7141164258569, vstest.console.dll, AssemblyResolver.OnResolve: Resolved assembly: Microsoft.TestPlatform.TestHostRuntimeProvider, from path: C:\Program Files\dotnet\sdk\6.0.102\Extensions\Microsoft.TestPlatform.TestHostRuntimeProvider.dll
TpTrace Information: 0 : 79224, 1, 2022/03/16, 16:16:46.489, 7141164271398, vstest.console.dll, AssemblyResolver.OnResolve: Microsoft.VisualStudio.TestPlatform.Extensions.Html.TestLogger: Resolving assembly.
TpTrace Information: 0 : 79224, 1, 2022/03/16, 16:16:46.490, 7141164273445, vstest.console.dll, AssemblyResolver.OnResolve: Microsoft.VisualStudio.TestPlatform.Extensions.Html.TestLogger: Searching in: 'C:\Program Files\dotnet\sdk\6.0.102\Extensions'.
TpTrace Information: 0 : 79224, 1, 2022/03/16, 16:16:46.490, 7141164278064, vstest.console.dll, AssemblyResolver.OnResolve: Microsoft.VisualStudio.TestPlatform.Extensions.Html.TestLogger: Loading assembly 'C:\Program Files\dotnet\sdk\6.0.102\Extensions\Microsoft.VisualStudio.TestPlatform.Extensions.Html.TestLogger.dll'.
TpTrace Information: 0 : 79224, 1, 2022/03/16, 16:16:46.492, 7141164302652, vstest.console.dll, AssemblyResolver.OnResolve: Resolved assembly: Microsoft.VisualStudio.TestPlatform.Extensions.Html.TestLogger, from path: C:\Program Files\dotnet\sdk\6.0.102\Extensions\Microsoft.VisualStudio.TestPlatform.Extensions.Html.TestLogger.dll
TpTrace Information: 0 : 79224, 1, 2022/03/16, 16:16:46.493, 7141164307690, vstest.console.dll, AssemblyResolver.OnResolve: Microsoft.VisualStudio.TestPlatform.Extensions.Trx.TestLogger: Resolving assembly.
TpTrace Information: 0 : 79224, 1, 2022/03/16, 16:16:46.493, 7141164309661, vstest.console.dll, AssemblyResolver.OnResolve: Microsoft.VisualStudio.TestPlatform.Extensions.Trx.TestLogger: Searching in: 'C:\Program Files\dotnet\sdk\6.0.102\Extensions'.
TpTrace Information: 0 : 79224, 1, 2022/03/16, 16:16:46.494, 7141164314544, vstest.console.dll, AssemblyResolver.OnResolve: Microsoft.VisualStudio.TestPlatform.Extensions.Trx.TestLogger: Loading assembly 'C:\Program Files\dotnet\sdk\6.0.102\Extensions\Microsoft.VisualStudio.TestPlatform.Extensions.Trx.TestLogger.dll'.
TpTrace Information: 0 : 79224, 1, 2022/03/16, 16:16:46.496, 7141164340015, vstest.console.dll, AssemblyResolver.OnResolve: Resolved assembly: Microsoft.VisualStudio.TestPlatform.Extensions.Trx.TestLogger, from path: C:\Program Files\dotnet\sdk\6.0.102\Extensions\Microsoft.VisualStudio.TestPlatform.Extensions.Trx.TestLogger.dll
TpTrace Verbose: 0 : 79224, 1, 2022/03/16, 16:16:46.497, 7141164347010, vstest.console.dll, TestPluginCache: Discovered the extensions using extension path ''.
TpTrace Verbose: 0 : 79224, 1, 2022/03/16, 16:16:46.497, 7141164349103, vstest.console.dll, TestPluginCache: Discoverers are ''.
TpTrace Verbose: 0 : 79224, 1, 2022/03/16, 16:16:46.497, 7141164350741, vstest.console.dll, TestPluginCache: Executors are ''.
TpTrace Verbose: 0 : 79224, 1, 2022/03/16, 16:16:46.497, 7141164352292, vstest.console.dll, TestPluginCache: Executors2 are ''.
TpTrace Verbose: 0 : 79224, 1, 2022/03/16, 16:16:46.498, 7141164353942, vstest.console.dll, TestPluginCache: Setting providers are ''.
TpTrace Verbose: 0 : 79224, 1, 2022/03/16, 16:16:46.498, 7141164355528, vstest.console.dll, TestPluginCache: Loggers are ''.
TpTrace Information: 0 : 79224, 1, 2022/03/16, 16:16:46.504, 7141164414419, vstest.console.dll, RunTestsArgumentProcessor:Execute: Test run is starting.
TpTrace Verbose: 0 : 79224, 1, 2022/03/16, 16:16:46.504, 7141164416811, vstest.console.dll, RunTestsArgumentProcessor:Execute: Queuing Test run.
TpTrace Information: 0 : 79224, 1, 2022/03/16, 16:16:46.504, 7141164419978, vstest.console.dll, TestRequestManager.RunTests: run tests started.
TpTrace Information: 0 : 79224, 1, 2022/03/16, 16:16:46.513, 7141164509335, vstest.console.dll, AssemblyMetadataProvider.GetFrameWork: Determined framework:'.NETCoreApp,Version=v6.0' for source: 'C:\Users\p.terzis\source\repos\BDDExercise\BDDExercise\bin\Debug\net6.0\fine-code-coverage\build-output\BDDExercise.dll'
TpTrace Information: 0 : 79224, 1, 2022/03/16, 16:16:46.514, 7141164512942, vstest.console.dll, Determined framework for all sources: .NETCoreApp,Version=v6.0
TpTrace Information: 0 : 79224, 1, 2022/03/16, 16:16:46.514, 7141164519195, vstest.console.dll, AssemblyMetadataProvider.GetArchitecture: Determined architecture:AnyCPU info for assembly: C:\Users\p.terzis\source\repos\BDDExercise\BDDExercise\bin\Debug\net6.0\fine-code-coverage\build-output\BDDExercise.dll
TpTrace Information: 0 : 79224, 1, 2022/03/16, 16:16:46.516, 7141164537947, vstest.console.dll, Determined platform for all sources: X64
TpTrace Information: 0 : 79224, 1, 2022/03/16, 16:16:46.519, 7141164564635, vstest.console.dll, Compatible sources list : 
TpTrace Information: 0 : 79224, 1, 2022/03/16, 16:16:46.519, 7141164566913, vstest.console.dll, C:\Users\p.terzis\source\repos\BDDExercise\BDDExercise\bin\Debug\net6.0\fine-code-coverage\build-output\BDDExercise.dll
TpTrace Information: 0 : 79224, 1, 2022/03/16, 16:16:46.522, 7141164593772, vstest.console.dll, InferRunSettingsHelper.IsTestSettingsEnabled: Unable to navigate to RunSettings/MSTest. Current node: RunSettings
TpTrace Information: 0 : 79224, 1, 2022/03/16, 16:16:46.522, 7141164602246, vstest.console.dll, AssemblyResolver.OnResolve: Microsoft.VisualStudio.TestPlatform.Fakes: Resolving assembly.
TpTrace Information: 0 : 79224, 1, 2022/03/16, 16:16:46.523, 7141164604448, vstest.console.dll, AssemblyResolver.OnResolve: Microsoft.VisualStudio.TestPlatform.Fakes: Searching in: 'C:\Program Files\dotnet\sdk\6.0.102\Extensions'.
TpTrace Information: 0 : 79224, 1, 2022/03/16, 16:16:46.523, 7141164606943, vstest.console.dll, AssemblyResolver.OnResolve: Microsoft.VisualStudio.TestPlatform.Fakes: Assembly path does not exist: 'C:\Program Files\dotnet\sdk\6.0.102\Extensions\Microsoft.VisualStudio.TestPlatform.Fakes.dll', returning.
TpTrace Information: 0 : 79224, 1, 2022/03/16, 16:16:46.523, 7141164609077, vstest.console.dll, AssemblyResolver.OnResolve: Microsoft.VisualStudio.TestPlatform.Fakes: Assembly path does not exist: 'C:\Program Files\dotnet\sdk\6.0.102\Extensions\Microsoft.VisualStudio.TestPlatform.Fakes.exe', returning.
TpTrace Information: 0 : 79224, 1, 2022/03/16, 16:16:46.523, 7141164610776, vstest.console.dll, AssemblyResolver.OnResolve: Microsoft.VisualStudio.TestPlatform.Fakes: Searching in: 'C:\Program Files\dotnet\sdk\6.0.102'.
TpTrace Information: 0 : 79224, 1, 2022/03/16, 16:16:46.524, 7141164612827, vstest.console.dll, AssemblyResolver.OnResolve: Microsoft.VisualStudio.TestPlatform.Fakes: Assembly path does not exist: 'C:\Program Files\dotnet\sdk\6.0.102\Microsoft.VisualStudio.TestPlatform.Fakes.dll', returning.
TpTrace Information: 0 : 79224, 1, 2022/03/16, 16:16:46.524, 7141164614857, vstest.console.dll, AssemblyResolver.OnResolve: Microsoft.VisualStudio.TestPlatform.Fakes: Assembly path does not exist: 'C:\Program Files\dotnet\sdk\6.0.102\Microsoft.VisualStudio.TestPlatform.Fakes.exe', returning.
TpTrace Information: 0 : 79224, 1, 2022/03/16, 16:16:46.524, 7141164616473, vstest.console.dll, AssemblyResolver.OnResolve: Microsoft.VisualStudio.TestPlatform.Fakes: Failed to load assembly.
TpTrace Information: 0 : 79224, 1, 2022/03/16, 16:16:46.524, 7141164620462, vstest.console.dll, Failed to load assembly Microsoft.VisualStudio.TestPlatform.Fakes, Version=17.0.0.0, Culture=neutral. Reason:System.IO.FileNotFoundException: Could not load file or assembly 'Microsoft.VisualStudio.TestPlatform.Fakes, Version=17.0.0.0, Culture=neutral, PublicKeyToken=null'. The system cannot find the file specified.
File name: 'Microsoft.VisualStudio.TestPlatform.Fakes, Version=17.0.0.0, Culture=neutral, PublicKeyToken=null'
   at System.Reflection.RuntimeAssembly.InternalLoad(ObjectHandleOnStack assemblyName, ObjectHandleOnStack requestingAssembly, StackCrawlMarkHandle stackMark, Boolean throwOnFileNotFound, ObjectHandleOnStack assemblyLoadContext, ObjectHandleOnStack retAssembly)
   at System.Reflection.RuntimeAssembly.InternalLoad(AssemblyName assemblyName, RuntimeAssembly requestingAssembly, StackCrawlMark& stackMark, Boolean throwOnFileNotFound, AssemblyLoadContext assemblyLoadContext)
   at System.Reflection.Assembly.Load(AssemblyName assemblyRef)
   at Microsoft.VisualStudio.TestPlatform.Common.Utilities.FakesUtilities.LoadTestPlatformAssembly()
TpTrace Verbose: 0 : 79224, 1, 2022/03/16, 16:16:46.528, 7141164656957, vstest.console.dll, TestPluginCache.DiscoverTestExtensions: finding test extensions in assemblies ends with: TestLogger.dll TPluginInfo: Microsoft.VisualStudio.TestPlatform.Common.ExtensionFramework.Utilities.TestLoggerPluginInformation TExtension: Microsoft.VisualStudio.TestPlatform.ObjectModel.Client.ITestLogger
TpTrace Verbose: 0 : 79224, 1, 2022/03/16, 16:16:46.528, 7141164659220, vstest.console.dll, TestPluginCache.GetExtensionPaths: Filtered extension paths: 
TpTrace Verbose: 0 : 79224, 1, 2022/03/16, 16:16:46.528, 7141164660935, vstest.console.dll, TestPluginCache.GetExtensionPaths: Added default extension paths: C:\Program Files\dotnet\sdk\6.0.102\Extensions\Microsoft.Diagnostics.NETCore.Client.dll
C:\Program Files\dotnet\sdk\6.0.102\Extensions\Microsoft.TestPlatform.Extensions.BlameDataCollector.dll
C:\Program Files\dotnet\sdk\6.0.102\Extensions\Microsoft.TestPlatform.Extensions.EventLogCollector.dll
C:\Program Files\dotnet\sdk\6.0.102\Extensions\Microsoft.TestPlatform.TestHostRuntimeProvider.dll
C:\Program Files\dotnet\sdk\6.0.102\Extensions\Microsoft.VisualStudio.TestPlatform.Extensions.Html.TestLogger.dll
C:\Program Files\dotnet\sdk\6.0.102\Extensions\Microsoft.VisualStudio.TestPlatform.Extensions.Trx.TestLogger.dll
TpTrace Verbose: 0 : 79224, 1, 2022/03/16, 16:16:46.528, 7141164662621, vstest.console.dll, TestPluginCache.GetExtensionPaths: Added unfilterableExtensionPaths: 
TpTrace Information: 0 : 79224, 1, 2022/03/16, 16:16:46.529, 7141164665424, vstest.console.dll, AssemblyResolver.AddSearchDirectories: Adding more searchDirectories C:\Program Files\dotnet\sdk\6.0.102\Extensions,C:\Program Files\dotnet\sdk\6.0.102
TpTrace Verbose: 0 : 79224, 1, 2022/03/16, 16:16:46.529, 7141164667216, vstest.console.dll, TestPluginCache.DiscoverTestExtensions: Discovering the extensions using extension path.
TpTrace Verbose: 0 : 79224, 1, 2022/03/16, 16:16:46.529, 7141164668887, vstest.console.dll, TestPluginCache.GetExtensionPaths: Filtered extension paths: 
TpTrace Verbose: 0 : 79224, 1, 2022/03/16, 16:16:46.529, 7141164670525, vstest.console.dll, TestPluginCache.GetExtensionPaths: Added default extension paths: C:\Program Files\dotnet\sdk\6.0.102\Extensions\Microsoft.Diagnostics.NETCore.Client.dll
C:\Program Files\dotnet\sdk\6.0.102\Extensions\Microsoft.TestPlatform.Extensions.BlameDataCollector.dll
C:\Program Files\dotnet\sdk\6.0.102\Extensions\Microsoft.TestPlatform.Extensions.EventLogCollector.dll
C:\Program Files\dotnet\sdk\6.0.102\Extensions\Microsoft.TestPlatform.TestHostRuntimeProvider.dll
C:\Program Files\dotnet\sdk\6.0.102\Extensions\Microsoft.VisualStudio.TestPlatform.Extensions.Html.TestLogger.dll
C:\Program Files\dotnet\sdk\6.0.102\Extensions\Microsoft.VisualStudio.TestPlatform.Extensions.Trx.TestLogger.dll
TpTrace Verbose: 0 : 79224, 1, 2022/03/16, 16:16:46.529, 7141164672154, vstest.console.dll, TestPluginCache.GetExtensionPaths: Added unfilterableExtensionPaths: 
TpTrace Verbose: 0 : 79224, 1, 2022/03/16, 16:16:46.530, 7141164673860, vstest.console.dll, TestPluginCache.DiscoverTestExtensions: Discovering the extensions using allExtensionPaths: C:\Program Files\dotnet\sdk\6.0.102\Extensions\Microsoft.Diagnostics.NETCore.Client.dll
C:\Program Files\dotnet\sdk\6.0.102\Extensions\Microsoft.TestPlatform.Extensions.BlameDataCollector.dll
C:\Program Files\dotnet\sdk\6.0.102\Extensions\Microsoft.TestPlatform.Extensions.EventLogCollector.dll
C:\Program Files\dotnet\sdk\6.0.102\Extensions\Microsoft.TestPlatform.TestHostRuntimeProvider.dll
C:\Program Files\dotnet\sdk\6.0.102\Extensions\Microsoft.VisualStudio.TestPlatform.Extensions.Html.TestLogger.dll
C:\Program Files\dotnet\sdk\6.0.102\Extensions\Microsoft.VisualStudio.TestPlatform.Extensions.Trx.TestLogger.dll
TpTrace Information: 0 : 79224, 1, 2022/03/16, 16:16:46.530, 7141164675632, vstest.console.dll, AssemblyResolver.AddSearchDirectories: Adding more searchDirectories C:\Program Files\dotnet\sdk\6.0.102\Extensions,C:\Program Files\dotnet\sdk\6.0.102
TpTrace Information: 0 : 79224, 1, 2022/03/16, 16:16:46.530, 7141164677346, vstest.console.dll, AssemblyResolver.AddSearchDirectories: Adding more searchDirectories C:\Program Files\dotnet\sdk\6.0.102\Extensions,C:\Program Files\dotnet\sdk\6.0.102
TpTrace Information: 0 : 79224, 1, 2022/03/16, 16:16:46.530, 7141164678941, vstest.console.dll, AssemblyResolver.AddSearchDirectories: Adding more searchDirectories C:\Program Files\dotnet\sdk\6.0.102\Extensions,C:\Program Files\dotnet\sdk\6.0.102
TpTrace Information: 0 : 79224, 1, 2022/03/16, 16:16:46.530, 7141164680527, vstest.console.dll, AssemblyResolver.AddSearchDirectories: Adding more searchDirectories C:\Program Files\dotnet\sdk\6.0.102\Extensions,C:\Program Files\dotnet\sdk\6.0.102
TpTrace Information: 0 : 79224, 1, 2022/03/16, 16:16:46.530, 7141164682136, vstest.console.dll, AssemblyResolver.AddSearchDirectories: Adding more searchDirectories C:\Program Files\dotnet\sdk\6.0.102\Extensions,C:\Program Files\dotnet\sdk\6.0.102
TpTrace Information: 0 : 79224, 1, 2022/03/16, 16:16:46.531, 7141164683732, vstest.console.dll, AssemblyResolver.AddSearchDirectories: Adding more searchDirectories C:\Program Files\dotnet\sdk\6.0.102\Extensions,C:\Program Files\dotnet\sdk\6.0.102
TpTrace Information: 0 : 79224, 1, 2022/03/16, 16:16:46.531, 7141164687171, vstest.console.dll, AssemblyResolver.OnResolve: Microsoft.Bcl.AsyncInterfaces: Resolving assembly.
TpTrace Information: 0 : 79224, 1, 2022/03/16, 16:16:46.531, 7141164688953, vstest.console.dll, AssemblyResolver.OnResolve: Microsoft.Bcl.AsyncInterfaces: Resolved from cache.
TpTrace Verbose: 0 : 79224, 1, 2022/03/16, 16:16:46.531, 7141164690631, vstest.console.dll, CurrentDomainAssemblyResolve: Resolving assembly 'Microsoft.Bcl.AsyncInterfaces'.
TpTrace Information: 0 : 79224, 1, 2022/03/16, 16:16:46.531, 7141164692382, vstest.console.dll, AssemblyResolver.OnResolve: Microsoft.Bcl.AsyncInterfaces: Resolving assembly.
TpTrace Information: 0 : 79224, 1, 2022/03/16, 16:16:46.532, 7141164693999, vstest.console.dll, AssemblyResolver.OnResolve: Microsoft.Bcl.AsyncInterfaces: Resolved from cache.
TpTrace Verbose: 0 : 79224, 1, 2022/03/16, 16:16:46.532, 7141164695580, vstest.console.dll, CurrentDomainAssemblyResolve: Resolving assembly 'Microsoft.Bcl.AsyncInterfaces'.
TpTrace Verbose: 0 : 79224, 1, 2022/03/16, 16:16:46.532, 7141164697174, vstest.console.dll, CurrentDomainAssemblyResolve: Failed to resolve assembly 'Microsoft.Bcl.AsyncInterfaces'.
TpTrace Verbose: 0 : 79224, 1, 2022/03/16, 16:16:46.532, 7141164699809, vstest.console.dll, CurrentDomainAssemblyResolve: Failed to resolve assembly 'Microsoft.Bcl.AsyncInterfaces'.
TpTrace Warning: 0 : 79224, 1, 2022/03/16, 16:16:46.533, 7141164704461, vstest.console.dll, TestPluginDiscoverer: Failed to get types from assembly 'Microsoft.Diagnostics.NETCore.Client, Version=0.2.4.21401, Culture=neutral, PublicKeyToken=31bf3856ad364e35'.  Skipping test extension scan for this assembly.  Error: System.Reflection.ReflectionTypeLoadException: Unable to load one or more of the requested types.
Could not load file or assembly 'Microsoft.Bcl.AsyncInterfaces, Version=1.0.0.0, Culture=neutral, PublicKeyToken=cc7b13ffcd2ddd51'. The system cannot find the file specified.
   at System.Reflection.RuntimeModule.GetTypes(RuntimeModule module)
   at System.Reflection.Assembly.GetTypes()
   at Microsoft.VisualStudio.TestPlatform.Common.ExtensionFramework.TestPluginDiscoverer.GetTestExtensionsFromAssembly[TPluginInfo,TExtension](Assembly assembly, Dictionary`2 pluginInfos)
System.IO.FileNotFoundException: Could not load file or assembly 'Microsoft.Bcl.AsyncInterfaces, Version=1.0.0.0, Culture=neutral, PublicKeyToken=cc7b13ffcd2ddd51'. The system cannot find the file specified.
File name: 'Microsoft.Bcl.AsyncInterfaces, Version=1.0.0.0, Culture=neutral, PublicKeyToken=cc7b13ffcd2ddd51'
 ---> System.IO.FileNotFoundException: Could not load file or assembly 'Microsoft.Bcl.AsyncInterfaces, Culture=neutral, PublicKeyToken=null'. The system cannot find the file specified.
File name: 'Microsoft.Bcl.AsyncInterfaces, Culture=neutral, PublicKeyToken=null'
   at System.Reflection.RuntimeAssembly.InternalLoad(ObjectHandleOnStack assemblyName, ObjectHandleOnStack requestingAssembly, StackCrawlMarkHandle stackMark, Boolean throwOnFileNotFound, ObjectHandleOnStack assemblyLoadContext, ObjectHandleOnStack retAssembly)
   at System.Reflection.RuntimeAssembly.InternalLoad(AssemblyName assemblyName, RuntimeAssembly requestingAssembly, StackCrawlMark& stackMark, Boolean throwOnFileNotFound, AssemblyLoadContext assemblyLoadContext)
   at System.Reflection.Assembly.Load(AssemblyName assemblyRef)
   at Microsoft.VisualStudio.TestPlatform.Common.ExtensionFramework.TestPluginCache.CurrentDomainAssemblyResolve(Object sender, AssemblyResolveEventArgs args)
   at Microsoft.VisualStudio.TestPlatform.PlatformAbstractions.PlatformAssemblyResolver.AssemblyResolverEvent(Object sender, Object eventArgs)
   at System.Runtime.Loader.AssemblyLoadContext.GetFirstResolvedAssemblyFromResolvingEvent(AssemblyName assemblyName)
   at System.Runtime.Loader.AssemblyLoadContext.ResolveUsingEvent(AssemblyName assemblyName)
   at System.Runtime.Loader.AssemblyLoadContext.ResolveUsingResolvingEvent(IntPtr gchManagedAssemblyLoadContext, AssemblyName assemblyName)
TpTrace Warning: 0 : 79224, 1, 2022/03/16, 16:16:46.533, 7141164709041, vstest.console.dll, LoaderExceptions: System.IO.FileNotFoundException: Could not load file or assembly 'Microsoft.Bcl.AsyncInterfaces, Version=1.0.0.0, Culture=neutral, PublicKeyToken=cc7b13ffcd2ddd51'. The system cannot find the file specified.
File name: 'Microsoft.Bcl.AsyncInterfaces, Version=1.0.0.0, Culture=neutral, PublicKeyToken=cc7b13ffcd2ddd51'
 ---> System.IO.FileNotFoundException: Could not load file or assembly 'Microsoft.Bcl.AsyncInterfaces, Culture=neutral, PublicKeyToken=null'. The system cannot find the file specified.
File name: 'Microsoft.Bcl.AsyncInterfaces, Culture=neutral, PublicKeyToken=null'
   at System.Reflection.RuntimeAssembly.InternalLoad(ObjectHandleOnStack assemblyName, ObjectHandleOnStack requestingAssembly, StackCrawlMarkHandle stackMark, Boolean throwOnFileNotFound, ObjectHandleOnStack assemblyLoadContext, ObjectHandleOnStack retAssembly)
   at System.Reflection.RuntimeAssembly.InternalLoad(AssemblyName assemblyName, RuntimeAssembly requestingAssembly, StackCrawlMark& stackMark, Boolean throwOnFileNotFound, AssemblyLoadContext assemblyLoadContext)
   at System.Reflection.Assembly.Load(AssemblyName assemblyRef)
   at Microsoft.VisualStudio.TestPlatform.Common.ExtensionFramework.TestPluginCache.CurrentDomainAssemblyResolve(Object sender, AssemblyResolveEventArgs args)
   at Microsoft.VisualStudio.TestPlatform.PlatformAbstractions.PlatformAssemblyResolver.AssemblyResolverEvent(Object sender, Object eventArgs)
   at System.Runtime.Loader.AssemblyLoadContext.GetFirstResolvedAssemblyFromResolvingEvent(AssemblyName assemblyName)
   at System.Runtime.Loader.AssemblyLoadContext.ResolveUsingEvent(AssemblyName assemblyName)
   at System.Runtime.Loader.AssemblyLoadContext.ResolveUsingResolvingEvent(IntPtr gchManagedAssemblyLoadContext, AssemblyName assemblyName)
TpTrace Verbose: 0 : 79224, 1, 2022/03/16, 16:16:46.534, 7141164714013, vstest.console.dll, TestPluginCache: Discovered the extensions using extension path ''.
TpTrace Verbose: 0 : 79224, 1, 2022/03/16, 16:16:46.534, 7141164715809, vstest.console.dll, TestPluginCache: Discoverers are ''.
TpTrace Verbose: 0 : 79224, 1, 2022/03/16, 16:16:46.534, 7141164717396, vstest.console.dll, TestPluginCache: Executors are ''.
TpTrace Verbose: 0 : 79224, 1, 2022/03/16, 16:16:46.534, 7141164718928, vstest.console.dll, TestPluginCache: Executors2 are ''.
TpTrace Verbose: 0 : 79224, 1, 2022/03/16, 16:16:46.534, 7141164720449, vstest.console.dll, TestPluginCache: Setting providers are ''.
TpTrace Verbose: 0 : 79224, 1, 2022/03/16, 16:16:46.534, 7141164722374, vstest.console.dll, TestPluginCache: Loggers are 'logger://Microsoft/TestPlatform/Extensions/Blame/v1,logger://Microsoft/TestPlatform/HtmlLogger/v1,logger://Microsoft/TestPlatform/TrxLogger/v1'.
TpTrace Information: 0 : 79224, 1, 2022/03/16, 16:16:46.535, 7141164729722, vstest.console.dll, TestPluginManager.CreateTestExtension: Attempting to load test extension: Microsoft.TestPlatform.Extensions.BlameDataCollector.BlameLogger
TpTrace Information: 0 : 79224, 1, 2022/03/16, 16:16:46.542, 7141164802103, vstest.console.dll, TestPluginManager.CreateTestExtension: Attempting to load test extension: Microsoft.VisualStudio.TestPlatform.CrossPlatEngine.Hosting.DefaultTestHostManager
TpTrace Information: 0 : 79224, 1, 2022/03/16, 16:16:46.543, 7141164806186, vstest.console.dll, TestPluginManager.CreateTestExtension: Attempting to load test extension: Microsoft.VisualStudio.TestPlatform.CrossPlatEngine.Hosting.DotnetTestHostManager
TpTrace Verbose: 0 : 79224, 1, 2022/03/16, 16:16:46.544, 7141164813015, vstest.console.dll, TestEngine: Initializing Parallel Execution as MaxCpuCount is set to: 1
TpTrace Information: 0 : 79224, 1, 2022/03/16, 16:16:46.544, 7141164819801, vstest.console.dll, InferRunSettingsHelper.IsTestSettingsEnabled: Unable to navigate to RunSettings/MSTest. Current node: RunSettings
TpTrace Verbose: 0 : 79224, 1, 2022/03/16, 16:16:46.564, 7141165019454, vstest.console.dll, TestRequestSender is acting as server
TpTrace Verbose: 0 : 79224, 5, 2022/03/16, 16:16:46.569, 7141165068319, vstest.console.dll, DataCollectionRequestSender.InitializeCommunication : Initialize communication. 
TpTrace Information: 0 : 79224, 5, 2022/03/16, 16:16:46.580, 7141165181634, vstest.console.dll, Listening on Endpoint : 127.0.0.1:64733
TpTrace Verbose: 0 : 79224, 5, 2022/03/16, 16:16:46.594, 7141165320536, vstest.console.dll, DotnetDataCollectionLauncher: Full path of dotnet.exe is C:\Program Files\dotnet\dotnet.exe
TpTrace Verbose: 0 : 79224, 5, 2022/03/16, 16:16:46.595, 7141165324442, vstest.console.dll, DotnetDataCollectionLauncher: Adding  --runtimeconfig "C:\Program Files\dotnet\sdk\6.0.102\datacollector.runtimeconfig.json" in args
TpTrace Verbose: 0 : 79224, 5, 2022/03/16, 16:16:46.595, 7141165327051, vstest.console.dll, DotnetDataCollectionLauncher: Adding  --depsfile "C:\Program Files\dotnet\sdk\6.0.102\datacollector.deps.json" in args
TpTrace Information: 0 : 79224, 5, 2022/03/16, 16:16:46.616, 7141165534241, vstest.console.dll, ProxyDataCollectionManager.Initialize: Launched datacollector processId: 30004 port: 64733
TpTrace Information: 0 : 79224, 5, 2022/03/16, 16:16:46.616, 7141165538024, vstest.console.dll, ProxyDataCollectionManager.Initialize: waiting for connection with timeout: 90 seconds
TpTrace Verbose: 0 : 79224, 5, 2022/03/16, 16:16:46.616, 7141165540666, vstest.console.dll, DataCollectionRequestSender.WaitForRequestHandlerConnection : Waiting for connection with timeout: 90000
TpTrace Information: 0 : 79224, 8, 2022/03/16, 16:16:46.839, 7141167770376, vstest.console.dll, Using the buffer size of 16384 bytes
TpTrace Verbose: 0 : 79224, 5, 2022/03/16, 16:16:46.839, 7141167771035, vstest.console.dll, ProxyDataCollectionManager.InvokeDataCollectionServiceAction: Starting.
TpTrace Information: 0 : 79224, 8, 2022/03/16, 16:16:46.840, 7141167773145, vstest.console.dll, Accepted Client request and set the flag
TpTrace Information: 0 : 79224, 5, 2022/03/16, 16:16:46.840, 7141167775906, vstest.console.dll, ProxyDataCollectionManager.BeforeTestRunStart: Get environment variable and port for datacollector processId: 30004 port: 64733
TpTrace Verbose: 0 : 79224, 5, 2022/03/16, 16:16:46.840, 7141167780594, vstest.console.dll, DataCollectionRequestSender.SendBeforeTestRunStartAndGetResult : Send BeforeTestRunStart message with settingsXml <RunSettings><RunConfiguration><ResultsDirectory>C:\Users\p.terzis\source\repos\BDDExercise\BDDExercise\bin\Debug\net6.0\fine-code-coverage\coverage-tool-output</ResultsDirectory><TargetPlatform>X64</TargetPlatform><TargetFrameworkVersion>.NETCoreApp,Version=v6.0</TargetFrameworkVersion><DesignMode>False</DesignMode><CollectSourceInformation>False</CollectSourceInformation><TestAdaptersPaths>C:\Program Files\dotnet\sdk\6.0.102\Extensions</TestAdaptersPaths></RunConfiguration><LoggerRunSettings><Loggers><Logger friendlyName="blame" enabled="True" /><Logger friendlyName="Console" uri="logger://microsoft/TestPlatform/ConsoleLogger/v1" assemblyQualifiedName="Microsoft.VisualStudio.TestPlatform.CommandLine.Internal.ConsoleLogger, vstest.console, Version=15.0.0.0, Culture=neutral, PublicKeyToken=b03f5f7f11d50a3a" codeBase="C:\Program Files\dotnet\sdk\6.0.102\vstest.console.dll" enabled="True" /></Loggers></LoggerRunSettings><DataCollectionRunSettings><DataCollectors><DataCollector friendlyName="blame" enabled="True"><Configuration><ResultsDirectory>C:\Users\p.terzis\source\repos\BDDExercise\BDDExercise\bin\Debug\net6.0\fine-code-coverage\coverage-tool-output</ResultsDirectory></Configuration></DataCollector></DataCollectors></DataCollectionRunSettings></RunSettings> and sources System.Linq.Enumerable+Concat2Iterator`1[System.String]: 
TpTrace Verbose: 0 : 79224, 5, 2022/03/16, 16:16:46.936, 7141168735121, vstest.console.dll, DataCollectionRequestSender.SendBeforeTestRunStartAndGetResult : Received message: (DataCollection.SendMessage) -> {
  "FriendlyName": null,
  "Uri": null,
  "TestCaseId": "00000000-0000-0000-0000-000000000000",
  "Message": "Logging DataCollector Diagnostics in file: C:\\Users\\p.terzis\\source\\repos\\BDDExercise\\BDDExercise\\bin\\Debug\\net6.0\\fine-code-coverage\\coverage-tool-output\\diagnostics.datacollector.22-03-16_16-16-46_59041_5.log",
  "Level": 0
}
TpTrace Verbose: 0 : 79224, 5, 2022/03/16, 16:16:47.046, 7141169834985, vstest.console.dll, DataCollectionRequestSender.SendBeforeTestRunStartAndGetResult : Received message: (DataCollection.BeforeTestRunStartResult) -> {
  "EnvironmentVariables": {},
  "DataCollectionEventsPort": 64735
}
TpTrace Information: 0 : 79224, 5, 2022/03/16, 16:16:47.051, 7141169892704, vstest.console.dll, ProxyDataCollectionManager.BeforeTestRunStart: SendBeforeTestRunStartAndGetResult successful, env variable from datacollector:   and testhost port: 64735
TpTrace Information: 0 : 79224, 5, 2022/03/16, 16:16:47.052, 7141169895437, vstest.console.dll, ProxyDataCollectionManager.InvokeDataCollectionServiceAction: Completed.
TpTrace Verbose: 0 : 79224, 1, 2022/03/16, 16:16:47.052, 7141169898392, vstest.console.dll, TestRunRequest.ExecuteAsync: Creating test run request.
TpTrace Verbose: 0 : 79224, 1, 2022/03/16, 16:16:47.053, 7141169903090, vstest.console.dll, TestRunRequest.ExecuteAsync: Starting.
TpTrace Information: 0 : 79224, 1, 2022/03/16, 16:16:47.053, 7141169908264, vstest.console.dll, TestRunRequest.ExecuteAsync: Starting run with settings:TestRunCriteria:
   KeepAlive=False,FrequencyOfRunStatsChangeEvent=10,RunStatsChangeEventTimeout=00:00:01.5000000,TestCaseFilter=,TestExecutorLauncher=
   Settingsxml=<RunSettings>
  <RunConfiguration>
    <ResultsDirectory>C:\Users\p.terzis\source\repos\BDDExercise\BDDExercise\bin\Debug\net6.0\fine-code-coverage\coverage-tool-output</ResultsDirectory>
    <TargetPlatform>X64</TargetPlatform>
    <TargetFrameworkVersion>.NETCoreApp,Version=v6.0</TargetFrameworkVersion>
    <DesignMode>False</DesignMode>
    <CollectSourceInformation>False</CollectSourceInformation>
  </RunConfiguration>
  <LoggerRunSettings>
    <Loggers>
      <Logger friendlyName="blame" enabled="True" />
      <Logger friendlyName="Console" uri="logger://microsoft/TestPlatform/ConsoleLogger/v1" assemblyQualifiedName="Microsoft.VisualStudio.TestPlatform.CommandLine.Internal.ConsoleLogger, vstest.console, Version=15.0.0.0, Culture=neutral, PublicKeyToken=b03f5f7f11d50a3a" codeBase="C:\Program Files\dotnet\sdk\6.0.102\vstest.console.dll" enabled="True" />
    </Loggers>
  </LoggerRunSettings>
  <DataCollectionRunSettings>
    <DataCollectors>
      <DataCollector friendlyName="blame" enabled="True">
        <Configuration>
          <ResultsDirectory>C:\Users\p.terzis\source\repos\BDDExercise\BDDExercise\bin\Debug\net6.0\fine-code-coverage\coverage-tool-output</ResultsDirectory>
        </Configuration>
      </DataCollector>
    </DataCollectors>
  </DataCollectionRunSettings>
</RunSettings>

TpTrace Verbose: 0 : 79224, 1, 2022/03/16, 16:16:47.053, 7141169910407, vstest.console.dll, TestRunRequest.ExecuteAsync: Wait for the first run request is over.
TpTrace Verbose: 0 : 79224, 1, 2022/03/16, 16:16:47.054, 7141169916662, vstest.console.dll, ParallelProxyExecutionManager: Start execution. Total sources: 1
TpTrace Information: 0 : 79224, 1, 2022/03/16, 16:16:47.055, 7141169925275, vstest.console.dll, ProxyParallelExecutionManager: Triggering test run for next source: C:\Users\p.terzis\source\repos\BDDExercise\BDDExercise\bin\Debug\net6.0\fine-code-coverage\build-output\BDDExercise.dll
TpTrace Verbose: 0 : 79224, 5, 2022/03/16, 16:16:47.055, 7141169928685, vstest.console.dll, ParallelProxyExecutionManager: Execution started. Started clients: 1
TpTrace Verbose: 0 : 79224, 1, 2022/03/16, 16:16:47.055, 7141169929323, vstest.console.dll, ProxyParallelExecutionManager: No sources available for execution.
TpTrace Information: 0 : 79224, 1, 2022/03/16, 16:16:47.056, 7141169933251, vstest.console.dll, TestRunRequest.ExecuteAsync: Started.
TpTrace Verbose: 0 : 79224, 5, 2022/03/16, 16:16:47.056, 7141169933926, vstest.console.dll, TestRunRequest:SendTestRunMessage: Starting.
TpTrace Verbose: 0 : 79224, 1, 2022/03/16, 16:16:47.056, 7141169935699, vstest.console.dll, TestRunRequest.WaitForCompletion: Waiting with timeout -1.
TpTrace Information: 0 : 79224, 5, 2022/03/16, 16:16:47.056, 7141169938334, vstest.console.dll, TestRunRequest:SendTestRunMessage: Completed.
TpTrace Verbose: 0 : 79224, 5, 2022/03/16, 16:16:47.057, 7141169943727, vstest.console.dll, ProxyExecutionManager: Test host is always Lazy initialize.
TpTrace Verbose: 0 : 79224, 5, 2022/03/16, 16:16:47.057, 7141169947888, vstest.console.dll, TestRequestSender.InitializeCommunication: initialize communication. 
TpTrace Information: 0 : 79224, 5, 2022/03/16, 16:16:47.058, 7141169955308, vstest.console.dll, SocketServer.Start: Listening on endpoint : 127.0.0.1:64736
TpTrace Verbose: 0 : 79224, 5, 2022/03/16, 16:16:47.059, 7141169965838, vstest.console.dll, DotnetTestHostmanager: Adding  --runtimeconfig "C:\Users\p.terzis\source\repos\BDDExercise\BDDExercise\bin\Debug\net6.0\fine-code-coverage\build-output\BDDExercise.runtimeconfig.json" in args
TpTrace Verbose: 0 : 79224, 5, 2022/03/16, 16:16:47.059, 7141169968863, vstest.console.dll, DotnetTestHostmanager: Adding  --depsfile "C:\Users\p.terzis\source\repos\BDDExercise\BDDExercise\bin\Debug\net6.0\fine-code-coverage\build-output\BDDExercise.deps.json" in args
TpTrace Verbose: 0 : 79224, 5, 2022/03/16, 16:16:47.060, 7141169972932, vstest.console.dll, DotnetTestHostManager: Testhost.exe/testhost.x86.exe found at path: C:\Users\p.terzis\source\repos\BDDExercise\BDDExercise\bin\Debug\net6.0\fine-code-coverage\build-output\testhost.exe
TpTrace Verbose: 0 : 79224, 5, 2022/03/16, 16:16:47.060, 7141169975335, vstest.console.dll, DotnetTestHostmanager: Full path of host exe is C:\Users\p.terzis\source\repos\BDDExercise\BDDExercise\bin\Debug\net6.0\fine-code-coverage\build-output\testhost.exe
TpTrace Verbose: 0 : 79224, 7, 2022/03/16, 16:16:47.061, 7141169986251, vstest.console.dll, DotnetTestHostManager: Starting process 'C:\Users\p.terzis\source\repos\BDDExercise\BDDExercise\bin\Debug\net6.0\fine-code-coverage\build-output\testhost.exe' with command line ' --runtimeconfig "C:\Users\p.terzis\source\repos\BDDExercise\BDDExercise\bin\Debug\net6.0\fine-code-coverage\build-output\BDDExercise.runtimeconfig.json" --depsfile "C:\Users\p.terzis\source\repos\BDDExercise\BDDExercise\bin\Debug\net6.0\fine-code-coverage\build-output\BDDExercise.deps.json" --port 64736 --endpoint 127.0.0.1:064736 --role client --parentprocessid 79224 --diag "C:\Users\p.terzis\source\repos\BDDExercise\BDDExercise\bin\Debug\net6.0\fine-code-coverage\coverage-tool-output\diagnostics.host.22-03-16_16-16-47_05875_5.log" --tracelevel 4 --datacollectionport 64735 --telemetryoptedin false'
TpTrace Verbose: 0 : 79224, 7, 2022/03/16, 16:16:47.103, 7141170409784, vstest.console.dll, Test Runtime launched
TpTrace Verbose: 0 : 79224, 5, 2022/03/16, 16:16:47.104, 7141170417593, vstest.console.dll, TestRequestSender.WaitForRequestHandlerConnection: waiting for connection with timeout: 90000
TpTrace Verbose: 0 : 79224, 7, 2022/03/16, 16:16:47.399, 7141173366080, vstest.console.dll, SocketServer.OnClientConnected: Client connected for endPoint: 127.0.0.1:64736, starting MessageLoopAsync:
TpTrace Verbose: 0 : 79224, 14, 2022/03/16, 16:16:47.399, 7141173371795, vstest.console.dll, TcpClientExtensions.MessageLoopAsync: Polling on remoteEndPoint: 127.0.0.1:64737 localEndPoint: 127.0.0.1:64736
TpTrace Verbose: 0 : 79224, 14, 2022/03/16, 16:16:47.576, 7141175140231, vstest.console.dll, TcpClientExtensions.MessageLoopAsync: NotifyDataAvailable remoteEndPoint: 127.0.0.1:64737 localEndPoint: 127.0.0.1:64736
TpTrace Verbose: 0 : 79224, 14, 2022/03/16, 16:16:47.577, 7141175144503, vstest.console.dll, TestRequestSender.CheckVersionWithTestHost: onMessageReceived received message: (ProtocolVersion) -> 5
TpTrace Verbose: 0 : 79224, 14, 2022/03/16, 16:16:47.577, 7141175149769, vstest.console.dll, TcpClientExtensions.MessageLoopAsync: Polling on remoteEndPoint: 127.0.0.1:64737 localEndPoint: 127.0.0.1:64736
TpTrace Verbose: 0 : 79224, 5, 2022/03/16, 16:16:47.577, 7141175150678, vstest.console.dll, TestPluginCache.GetExtensionPaths: Filtered extension paths: 
TpTrace Verbose: 0 : 79224, 5, 2022/03/16, 16:16:47.578, 7141175154008, vstest.console.dll, TestPluginCache.GetExtensionPaths: Added default extension paths: C:\Program Files\dotnet\sdk\6.0.102\Extensions\Microsoft.Diagnostics.NETCore.Client.dll
C:\Program Files\dotnet\sdk\6.0.102\Extensions\Microsoft.TestPlatform.Extensions.BlameDataCollector.dll
C:\Program Files\dotnet\sdk\6.0.102\Extensions\Microsoft.TestPlatform.Extensions.EventLogCollector.dll
C:\Program Files\dotnet\sdk\6.0.102\Extensions\Microsoft.TestPlatform.TestHostRuntimeProvider.dll
C:\Program Files\dotnet\sdk\6.0.102\Extensions\Microsoft.VisualStudio.TestPlatform.Extensions.Html.TestLogger.dll
C:\Program Files\dotnet\sdk\6.0.102\Extensions\Microsoft.VisualStudio.TestPlatform.Extensions.Trx.TestLogger.dll
TpTrace Verbose: 0 : 79224, 5, 2022/03/16, 16:16:47.578, 7141175156026, vstest.console.dll, TestPluginCache.GetExtensionPaths: Added unfilterableExtensionPaths: 
TpTrace Verbose: 0 : 79224, 5, 2022/03/16, 16:16:47.581, 7141175191719, vstest.console.dll, TestRequestSender.InitializeExecution: Sending initializing execution with message: {"Version":5,"MessageType":"TestExecution.Initialize","Payload":["C:\\Users\\p.terzis\\source\\repos\\BDDExercise\\BDDExercise\\bin\\Debug\\net6.0\\fine-code-coverage\\build-output\\NUnit3.TestAdapter.dll"]}
TpTrace Verbose: 0 : 79224, 14, 2022/03/16, 16:16:47.587, 7141175252547, vstest.console.dll, TcpClientExtensions.MessageLoopAsync: NotifyDataAvailable remoteEndPoint: 127.0.0.1:64737 localEndPoint: 127.0.0.1:64736
TpTrace Verbose: 0 : 79224, 14, 2022/03/16, 16:16:47.588, 7141175255930, vstest.console.dll, TestRequestSender.OnExecutionMessageReceived: Received message: {"Version":5,"MessageType":"TestSession.Message","Payload":{"MessageLevel":0,"Message":"Logging TestHost Diagnostics in file: C:\\Users\\p.terzis\\source\\repos\\BDDExercise\\BDDExercise\\bin\\Debug\\net6.0\\fine-code-coverage\\coverage-tool-output\\diagnostics.host.22-03-16_16-16-47_05875_5.log"}}
TpTrace Verbose: 0 : 79224, 14, 2022/03/16, 16:16:47.590, 7141175275354, vstest.console.dll, TestRunRequest:SendTestRunMessage: Starting.
TpTrace Verbose: 0 : 79224, 5, 2022/03/16, 16:16:47.590, 7141175277471, vstest.console.dll, TestRequestSender.StartTestRun: Sending test run with message: {"Version":5,"MessageType":"TestExecution.StartWithSources","Payload":{"AdapterSourceMap":{"_none_":["C:\\Users\\p.terzis\\source\\repos\\BDDExercise\\BDDExercise\\bin\\Debug\\net6.0\\fine-code-coverage\\build-output\\BDDExercise.dll"]},"RunSettings":"<RunSettings>\r\n  <RunConfiguration>\r\n    <ResultsDirectory>C:\\Users\\p.terzis\\source\\repos\\BDDExercise\\BDDExercise\\bin\\Debug\\net6.0\\fine-code-coverage\\coverage-tool-output</ResultsDirectory>\r\n    <TargetPlatform>X64</TargetPlatform>\r\n    <TargetFrameworkVersion>.NETCoreApp,Version=v6.0</TargetFrameworkVersion>\r\n    <DesignMode>False</DesignMode>\r\n    <CollectSourceInformation>False</CollectSourceInformation>\r\n  </RunConfiguration>\r\n  <LoggerRunSettings>\r\n    <Loggers>\r\n      <Logger friendlyName=\"blame\" enabled=\"True\" />\r\n      <Logger friendlyName=\"Console\" uri=\"logger://microsoft/TestPlatform/ConsoleLogger/v1\" assemblyQualifiedName=\"Microsoft.VisualStudio.TestPlatform.CommandLine.Internal.ConsoleLogger, vstest.console, Version=15.0.0.0, Culture=neutral, PublicKeyToken=b03f5f7f11d50a3a\" codeBase=\"C:\\Program Files\\dotnet\\sdk\\6.0.102\\vstest.console.dll\" enabled=\"True\" />\r\n    </Loggers>\r\n  </LoggerRunSettings>\r\n  <DataCollectionRunSettings>\r\n    <DataCollectors>\r\n      <DataCollector friendlyName=\"blame\" enabled=\"True\">\r\n        <Configuration>\r\n          <ResultsDirectory>C:\\Users\\p.terzis\\source\\repos\\BDDExercise\\BDDExercise\\bin\\Debug\\net6.0\\fine-code-coverage\\coverage-tool-output</ResultsDirectory>\r\n        </Configuration>\r\n      </DataCollector>\r\n    </DataCollectors>\r\n  </DataCollectionRunSettings>\r\n</RunSettings>","TestExecutionContext":{"FrequencyOfRunStatsChangeEvent":10,"RunStatsChangeEventTimeout":"00:00:01.5000000","InIsolation":false,"KeepAlive":false,"AreTestCaseLevelEventsRequired":false,"IsDebug":false,"TestCaseFilter":null,"FilterOptions":null},"Package":null}}
TpTrace Information: 0 : 79224, 14, 2022/03/16, 16:16:47.590, 7141175277871, vstest.console.dll, TestRunRequest:SendTestRunMessage: Completed.
TpTrace Verbose: 0 : 79224, 14, 2022/03/16, 16:16:47.590, 7141175282012, vstest.console.dll, TcpClientExtensions.MessageLoopAsync: Polling on remoteEndPoint: 127.0.0.1:64737 localEndPoint: 127.0.0.1:64736
TpTrace Verbose: 0 : 79224, 14, 2022/03/16, 16:16:47.826, 7141177640321, vstest.console.dll, TcpClientExtensions.MessageLoopAsync: NotifyDataAvailable remoteEndPoint: 127.0.0.1:64737 localEndPoint: 127.0.0.1:64736
TpTrace Verbose: 0 : 79224, 14, 2022/03/16, 16:16:47.827, 7141177643130, vstest.console.dll, TestRequestSender.OnExecutionMessageReceived: Received message: {"Version":5,"MessageType":"TestSession.Message","Payload":{"MessageLevel":0,"Message":"NUnit Adapter 4.1.0.0: Test execution started"}}
TpTrace Verbose: 0 : 79224, 14, 2022/03/16, 16:16:47.827, 7141177646844, vstest.console.dll, TestRunRequest:SendTestRunMessage: Starting.
TpTrace Information: 0 : 79224, 14, 2022/03/16, 16:16:47.827, 7141177648890, vstest.console.dll, TestRunRequest:SendTestRunMessage: Completed.
TpTrace Verbose: 0 : 79224, 14, 2022/03/16, 16:16:47.827, 7141177650593, vstest.console.dll, TcpClientExtensions.MessageLoopAsync: Polling on remoteEndPoint: 127.0.0.1:64737 localEndPoint: 127.0.0.1:64736
TpTrace Verbose: 0 : 79224, 14, 2022/03/16, 16:16:47.865, 7141178026348, vstest.console.dll, TcpClientExtensions.MessageLoopAsync: NotifyDataAvailable remoteEndPoint: 127.0.0.1:64737 localEndPoint: 127.0.0.1:64736
TpTrace Verbose: 0 : 79224, 14, 2022/03/16, 16:16:47.865, 7141178029125, vstest.console.dll, TestRequestSender.OnExecutionMessageReceived: Received message: {"Version":5,"MessageType":"TestSession.Message","Payload":{"MessageLevel":0,"Message":"Running all tests in C:\\Users\\p.terzis\\source\\repos\\BDDExercise\\BDDExercise\\bin\\Debug\\net6.0\\fine-code-coverage\\build-output\\BDDExercise.dll"}}
TpTrace Verbose: 0 : 79224, 14, 2022/03/16, 16:16:47.865, 7141178032586, vstest.console.dll, TestRunRequest:SendTestRunMessage: Starting.
TpTrace Information: 0 : 79224, 14, 2022/03/16, 16:16:47.866, 7141178034621, vstest.console.dll, TestRunRequest:SendTestRunMessage: Completed.
TpTrace Verbose: 0 : 79224, 14, 2022/03/16, 16:16:47.866, 7141178036472, vstest.console.dll, TcpClientExtensions.MessageLoopAsync: Polling on remoteEndPoint: 127.0.0.1:64737 localEndPoint: 127.0.0.1:64736
TpTrace Verbose: 0 : 79224, 14, 2022/03/16, 16:16:48.592, 7141185298330, vstest.console.dll, TcpClientExtensions.MessageLoopAsync: NotifyDataAvailable remoteEndPoint: 127.0.0.1:64737 localEndPoint: 127.0.0.1:64736
TpTrace Verbose: 0 : 79224, 14, 2022/03/16, 16:16:48.592, 7141185301196, vstest.console.dll, TestRequestSender.OnExecutionMessageReceived: Received message: {"Version":5,"MessageType":"TestSession.Message","Payload":{"MessageLevel":0,"Message":"   NUnit3TestExecutor discovered 9 of 9 NUnit test cases using Current Discovery mode, Non-Explicit run"}}
TpTrace Verbose: 0 : 79224, 14, 2022/03/16, 16:16:48.593, 7141185304115, vstest.console.dll, TestRunRequest:SendTestRunMessage: Starting.
TpTrace Information: 0 : 79224, 14, 2022/03/16, 16:16:48.593, 7141185305892, vstest.console.dll, TestRunRequest:SendTestRunMessage: Completed.
TpTrace Verbose: 0 : 79224, 14, 2022/03/16, 16:16:48.593, 7141185307411, vstest.console.dll, TcpClientExtensions.MessageLoopAsync: Polling on remoteEndPoint: 127.0.0.1:64737 localEndPoint: 127.0.0.1:64736
TpTrace Verbose: 0 : 79224, 14, 2022/03/16, 16:16:49.240, 7141191779372, vstest.console.dll, TcpClientExtensions.MessageLoopAsync: NotifyDataAvailable remoteEndPoint: 127.0.0.1:64737 localEndPoint: 127.0.0.1:64736
TpTrace Verbose: 0 : 79224, 14, 2022/03/16, 16:16:49.241, 7141191783847, vstest.console.dll, TestRequestSender.OnExecutionMessageReceived: Received message: {"Version":5,"MessageType":"TestExecution.StatsChange","Payload":{"NewTestResults":[],"TestRunStatistics":{"ExecutedTests":0,"Stats":{}},"ActiveTests":[{"Id":"ea477e1b-88d5-e159-ddca-f1548e385c80","FullyQualifiedName":"BDDExercise.Features.RegisterSpecsFeature.InvalidLogin(\"asdf\",\"123\",null)","DisplayName":"InvalidLogin(\"asdf\",\"123\",null)","ExecutorUri":"executor://NUnit3TestExecutor","Source":"C:\\Users\\p.terzis\\source\\repos\\BDDExercise\\BDDExercise\\bin\\Debug\\net6.0\\fine-code-coverage\\build-output\\BDDExercise.dll","CodeFilePath":null,"LineNumber":0,"Properties":[{"Key":{"Id":"NUnit.TestCategory","Label":"TestCategory","Category":"","Description":"","Attributes":5,"ValueType":"System.String[]"},"Value":["smoke"]},{"Key":{"Id":"NUnit.Seed","Label":"Seed","Category":"","Description":"","Attributes":0,"ValueType":"System.String"},"Value":"697822122"}]}]}}
TpTrace Verbose: 0 : 79224, 14, 2022/03/16, 16:16:49.277, 7141192151981, vstest.console.dll, TestRunRequest:SendTestRunStatsChange: Starting.
TpTrace Verbose: 0 : 79224, 14, 2022/03/16, 16:16:49.278, 7141192155327, vstest.console.dll, InProgress is InvalidLogin("asdf","123",null)
TpTrace Information: 0 : 79224, 14, 2022/03/16, 16:16:49.278, 7141192158465, vstest.console.dll, TestRunRequest:SendTestRunStatsChange: Completed.
TpTrace Verbose: 0 : 79224, 14, 2022/03/16, 16:16:49.278, 7141192161064, vstest.console.dll, TcpClientExtensions.MessageLoopAsync: Polling on remoteEndPoint: 127.0.0.1:64737 localEndPoint: 127.0.0.1:64736
TpTrace Verbose: 0 : 79224, 14, 2022/03/16, 16:16:50.279, 7141202163720, vstest.console.dll, TcpClientExtensions.MessageLoopAsync: Polling on remoteEndPoint: 127.0.0.1:64737 localEndPoint: 127.0.0.1:64736
TpTrace Verbose: 0 : 79224, 14, 2022/03/16, 16:16:51.279, 7141212168927, vstest.console.dll, TcpClientExtensions.MessageLoopAsync: Polling on remoteEndPoint: 127.0.0.1:64737 localEndPoint: 127.0.0.1:64736
TpTrace Verbose: 0 : 79224, 14, 2022/03/16, 16:16:52.279, 7141222168797, vstest.console.dll, TcpClientExtensions.MessageLoopAsync: Polling on remoteEndPoint: 127.0.0.1:64737 localEndPoint: 127.0.0.1:64736
TpTrace Verbose: 0 : 79224, 14, 2022/03/16, 16:16:53.279, 7141232171910, vstest.console.dll, TcpClientExtensions.MessageLoopAsync: Polling on remoteEndPoint: 127.0.0.1:64737 localEndPoint: 127.0.0.1:64736
TpTrace Verbose: 0 : 79224, 14, 2022/03/16, 16:16:54.280, 7141242173417, vstest.console.dll, TcpClientExtensions.MessageLoopAsync: Polling on remoteEndPoint: 127.0.0.1:64737 localEndPoint: 127.0.0.1:64736
TpTrace Verbose: 0 : 79224, 14, 2022/03/16, 16:16:55.280, 7141252175962, vstest.console.dll, TcpClientExtensions.MessageLoopAsync: Polling on remoteEndPoint: 127.0.0.1:64737 localEndPoint: 127.0.0.1:64736
TpTrace Verbose: 0 : 79224, 14, 2022/03/16, 16:16:56.280, 7141262175925, vstest.console.dll, TcpClientExtensions.MessageLoopAsync: Polling on remoteEndPoint: 127.0.0.1:64737 localEndPoint: 127.0.0.1:64736
TpTrace Verbose: 0 : 79224, 14, 2022/03/16, 16:16:57.280, 7141272181576, vstest.console.dll, TcpClientExtensions.MessageLoopAsync: Polling on remoteEndPoint: 127.0.0.1:64737 localEndPoint: 127.0.0.1:64736
TpTrace Verbose: 0 : 79224, 14, 2022/03/16, 16:16:58.281, 7141282187903, vstest.console.dll, TcpClientExtensions.MessageLoopAsync: Polling on remoteEndPoint: 127.0.0.1:64737 localEndPoint: 127.0.0.1:64736
TpTrace Verbose: 0 : 79224, 14, 2022/03/16, 16:16:58.795, 7141287329152, vstest.console.dll, TcpClientExtensions.MessageLoopAsync: NotifyDataAvailable remoteEndPoint: 127.0.0.1:64737 localEndPoint: 127.0.0.1:64736
TpTrace Verbose: 0 : 79224, 14, 2022/03/16, 16:16:58.796, 7141287335097, vstest.console.dll, TestRequestSender.OnExecutionMessageReceived: Received message: {"Version":5,"MessageType":"TestSession.Message","Payload":{"MessageLevel":0,"Message":"Given User is navigated to home page\r\n-> done: LoginSpecsStepDefinitions.GivenUserIsNavigatedToHomePage() (2,1s)\r\nWhen User provides login username asdf\r\n-> done: LoginSpecsStepDefinitions.WhenUserProvidesLoginUsername(\"asdf\") (0,1s)\r\nAnd User provides login password 123\r\n-> done: LoginSpecsStepDefinitions.WhenUserProvidesLoginPassword(\"123\") (0,0s)\r\nAnd User submits login form\r\n-> done: LoginSpecsStepDefinitions.WhenUserSubmitsLogin() (0,4s)\r\nThen User is not logged in\r\n-> done: LoginSpecsStepDefinitions.ThenUserIsNotLoggedIn() (0,0s)\r\n"}}
TpTrace Verbose: 0 : 79224, 14, 2022/03/16, 16:16:58.796, 7141287340227, vstest.console.dll, TestRunRequest:SendTestRunMessage: Starting.
TpTrace Information: 0 : 79224, 14, 2022/03/16, 16:16:58.797, 7141287343597, vstest.console.dll, TestRunRequest:SendTestRunMessage: Completed.
TpTrace Verbose: 0 : 79224, 14, 2022/03/16, 16:16:58.797, 7141287346513, vstest.console.dll, TcpClientExtensions.MessageLoopAsync: Polling on remoteEndPoint: 127.0.0.1:64737 localEndPoint: 127.0.0.1:64736
TpTrace Verbose: 0 : 79224, 14, 2022/03/16, 16:16:58.861, 7141287989647, vstest.console.dll, TcpClientExtensions.MessageLoopAsync: NotifyDataAvailable remoteEndPoint: 127.0.0.1:64737 localEndPoint: 127.0.0.1:64736
TpTrace Verbose: 0 : 79224, 14, 2022/03/16, 16:16:58.862, 7141287994858, vstest.console.dll, TestRequestSender.OnExecutionMessageReceived: Received message: {"Version":5,"MessageType":"TestExecution.StatsChange","Payload":{"NewTestResults":[{"TestCase":{"Id":"ea477e1b-88d5-e159-ddca-f1548e385c80","FullyQualifiedName":"BDDExercise.Features.RegisterSpecsFeature.InvalidLogin(\"asdf\",\"123\",null)","DisplayName":"InvalidLogin(\"asdf\",\"123\",null)","ExecutorUri":"executor://NUnit3TestExecutor","Source":"C:\\Users\\p.terzis\\source\\repos\\BDDExercise\\BDDExercise\\bin\\Debug\\net6.0\\fine-code-coverage\\build-output\\BDDExercise.dll","CodeFilePath":null,"LineNumber":0,"Properties":[{"Key":{"Id":"NUnit.TestCategory","Label":"TestCategory","Category":"","Description":"","Attributes":5,"ValueType":"System.String[]"},"Value":["smoke"]},{"Key":{"Id":"NUnit.Seed","Label":"Seed","Category":"","Description":"","Attributes":0,"ValueType":"System.String"},"Value":"697822122"}]},"Attachments":[],"Outcome":1,"ErrorMessage":null,"ErrorStackTrace":null,"DisplayName":"InvalidLogin(\"asdf\",\"123\",null)","Messages":[{"Category":"StdOutMsgs","Text":"Given User is navigated to home page\r\n-> done: LoginSpecsStepDefinitions.GivenUserIsNavigatedToHomePage() (2,1s)\r\nWhen User provides login username asdf\r\n-> done: LoginSpecsStepDefinitions.WhenUserProvidesLoginUsername(\"asdf\") (0,1s)\r\nAnd User provides login password 123\r\n-> done: LoginSpecsStepDefinitions.WhenUserProvidesLoginPassword(\"123\") (0,0s)\r\nAnd User submits login form\r\n-> done: LoginSpecsStepDefinitions.WhenUserSubmitsLogin() (0,4s)\r\nThen User is not logged in\r\n-> done: LoginSpecsStepDefinitions.ThenUserIsNotLoggedIn() (0,0s)\r\n"}],"ComputerName":"TECH-AR242","Duration":"00:00:09.8504140","StartTime":"2022-03-16T14:16:48.9280852+00:00","EndTime":"2022-03-16T14:16:58.778401+00:00","Properties":[{"Key":{"Id":"NUnit.Seed","Label":"Seed","Category":"","Description":"","Attributes":0,"ValueType":"System.String"},"Value":"697822122"}]}],"TestRunStatistics":{"ExecutedTests":1,"Stats":{"Passed":1}},"ActiveTests":[{"Id":"898abc8a-c72b-d34a-e78a-050773a1882a","FullyQualifiedName":"BDDExercise.Features.RegisterSpecsFeature.InvalidLogin(\"\",\"123\",null)","DisplayName":"InvalidLogin(\"\",\"123\",null)","ExecutorUri":"executor://NUnit3TestExecutor","Source":"C:\\Users\\p.terzis\\source\\repos\\BDDExercise\\BDDExercise\\bin\\Debug\\net6.0\\fine-code-coverage\\build-output\\BDDExercise.dll","CodeFilePath":null,"LineNumber":0,"Properties":[{"Key":{"Id":"NUnit.TestCategory","Label":"TestCategory","Category":"","Description":"","Attributes":5,"ValueType":"System.String[]"},"Value":["smoke"]},{"Key":{"Id":"NUnit.Seed","Label":"Seed","Category":"","Description":"","Attributes":0,"ValueType":"System.String"},"Value":"956607924"}]}]}}
TpTrace Verbose: 0 : 79224, 14, 2022/03/16, 16:16:58.875, 7141288126107, vstest.console.dll, TestRunRequest:SendTestRunStatsChange: Starting.
TpTrace Verbose: 0 : 79224, 14, 2022/03/16, 16:16:58.875, 7141288129336, vstest.console.dll, InProgress is InvalidLogin("","123",null)
TpTrace Information: 0 : 79224, 14, 2022/03/16, 16:16:58.876, 7141288133519, vstest.console.dll, TestRunRequest:SendTestRunStatsChange: Completed.
TpTrace Verbose: 0 : 79224, 14, 2022/03/16, 16:16:58.876, 7141288135896, vstest.console.dll, TcpClientExtensions.MessageLoopAsync: Polling on remoteEndPoint: 127.0.0.1:64737 localEndPoint: 127.0.0.1:64736
TpTrace Verbose: 0 : 79224, 14, 2022/03/16, 16:16:59.875, 7141298131029, vstest.console.dll, TcpClientExtensions.MessageLoopAsync: Polling on remoteEndPoint: 127.0.0.1:64737 localEndPoint: 127.0.0.1:64736
TpTrace Verbose: 0 : 79224, 14, 2022/03/16, 16:17:00.876, 7141308140653, vstest.console.dll, TcpClientExtensions.MessageLoopAsync: Polling on remoteEndPoint: 127.0.0.1:64737 localEndPoint: 127.0.0.1:64736
TpTrace Verbose: 0 : 79224, 14, 2022/03/16, 16:17:01.876, 7141318140696, vstest.console.dll, TcpClientExtensions.MessageLoopAsync: Polling on remoteEndPoint: 127.0.0.1:64737 localEndPoint: 127.0.0.1:64736
TpTrace Verbose: 0 : 79224, 14, 2022/03/16, 16:17:02.877, 7141328145975, vstest.console.dll, TcpClientExtensions.MessageLoopAsync: Polling on remoteEndPoint: 127.0.0.1:64737 localEndPoint: 127.0.0.1:64736
TpTrace Verbose: 0 : 79224, 14, 2022/03/16, 16:17:03.877, 7141338146220, vstest.console.dll, TcpClientExtensions.MessageLoopAsync: Polling on remoteEndPoint: 127.0.0.1:64737 localEndPoint: 127.0.0.1:64736
TpTrace Verbose: 0 : 79224, 14, 2022/03/16, 16:17:04.878, 7141348155999, vstest.console.dll, TcpClientExtensions.MessageLoopAsync: Polling on remoteEndPoint: 127.0.0.1:64737 localEndPoint: 127.0.0.1:64736
TpTrace Verbose: 0 : 79224, 14, 2022/03/16, 16:17:05.878, 7141358160674, vstest.console.dll, TcpClientExtensions.MessageLoopAsync: Polling on remoteEndPoint: 127.0.0.1:64737 localEndPoint: 127.0.0.1:64736
TpTrace Verbose: 0 : 79224, 14, 2022/03/16, 16:17:06.879, 7141368165506, vstest.console.dll, TcpClientExtensions.MessageLoopAsync: Polling on remoteEndPoint: 127.0.0.1:64737 localEndPoint: 127.0.0.1:64736
TpTrace Verbose: 0 : 79224, 14, 2022/03/16, 16:17:07.422, 7141373597177, vstest.console.dll, TcpClientExtensions.MessageLoopAsync: NotifyDataAvailable remoteEndPoint: 127.0.0.1:64737 localEndPoint: 127.0.0.1:64736
TpTrace Verbose: 0 : 79224, 14, 2022/03/16, 16:17:07.422, 7141373601462, vstest.console.dll, TestRequestSender.OnExecutionMessageReceived: Received message: {"Version":5,"MessageType":"TestSession.Message","Payload":{"MessageLevel":0,"Message":"Given User is navigated to home page\r\n-> done: LoginSpecsStepDefinitions.GivenUserIsNavigatedToHomePage() (2,0s)\r\nWhen User provides login username\r\n-> done: LoginSpecsStepDefinitions.WhenUserProvidesLoginUsername(\"\") (0,1s)\r\nAnd User provides login password 123\r\n-> done: LoginSpecsStepDefinitions.WhenUserProvidesLoginPassword(\"123\") (0,0s)\r\nAnd User submits login form\r\n-> done: LoginSpecsStepDefinitions.WhenUserSubmitsLogin() (0,3s)\r\nThen User is not logged in\r\n-> done: LoginSpecsStepDefinitions.ThenUserIsNotLoggedIn() (0,0s)\r\n"}}
TpTrace Verbose: 0 : 79224, 14, 2022/03/16, 16:17:07.423, 7141373608582, vstest.console.dll, TestRunRequest:SendTestRunMessage: Starting.
TpTrace Information: 0 : 79224, 14, 2022/03/16, 16:17:07.423, 7141373612090, vstest.console.dll, TestRunRequest:SendTestRunMessage: Completed.
TpTrace Verbose: 0 : 79224, 14, 2022/03/16, 16:17:07.424, 7141373615069, vstest.console.dll, TcpClientExtensions.MessageLoopAsync: Polling on remoteEndPoint: 127.0.0.1:64737 localEndPoint: 127.0.0.1:64736
TpTrace Verbose: 0 : 79224, 14, 2022/03/16, 16:17:07.428, 7141373661513, vstest.console.dll, TcpClientExtensions.MessageLoopAsync: NotifyDataAvailable remoteEndPoint: 127.0.0.1:64737 localEndPoint: 127.0.0.1:64736
TpTrace Verbose: 0 : 79224, 14, 2022/03/16, 16:17:07.429, 7141373666367, vstest.console.dll, TestRequestSender.OnExecutionMessageReceived: Received message: {"Version":5,"MessageType":"TestExecution.StatsChange","Payload":{"NewTestResults":[{"TestCase":{"Id":"898abc8a-c72b-d34a-e78a-050773a1882a","FullyQualifiedName":"BDDExercise.Features.RegisterSpecsFeature.InvalidLogin(\"\",\"123\",null)","DisplayName":"InvalidLogin(\"\",\"123\",null)","ExecutorUri":"executor://NUnit3TestExecutor","Source":"C:\\Users\\p.terzis\\source\\repos\\BDDExercise\\BDDExercise\\bin\\Debug\\net6.0\\fine-code-coverage\\build-output\\BDDExercise.dll","CodeFilePath":null,"LineNumber":0,"Properties":[{"Key":{"Id":"NUnit.TestCategory","Label":"TestCategory","Category":"","Description":"","Attributes":5,"ValueType":"System.String[]"},"Value":["smoke"]},{"Key":{"Id":"NUnit.Seed","Label":"Seed","Category":"","Description":"","Attributes":0,"ValueType":"System.String"},"Value":"956607924"}]},"Attachments":[],"Outcome":1,"ErrorMessage":null,"ErrorStackTrace":null,"DisplayName":"InvalidLogin(\"\",\"123\",null)","Messages":[{"Category":"StdOutMsgs","Text":"Given User is navigated to home page\r\n-> done: LoginSpecsStepDefinitions.GivenUserIsNavigatedToHomePage() (2,0s)\r\nWhen User provides login username\r\n-> done: LoginSpecsStepDefinitions.WhenUserProvidesLoginUsername(\"\") (0,1s)\r\nAnd User provides login password 123\r\n-> done: LoginSpecsStepDefinitions.WhenUserProvidesLoginPassword(\"123\") (0,0s)\r\nAnd User submits login form\r\n-> done: LoginSpecsStepDefinitions.WhenUserSubmitsLogin() (0,3s)\r\nThen User is not logged in\r\n-> done: LoginSpecsStepDefinitions.ThenUserIsNotLoggedIn() (0,0s)\r\n"}],"ComputerName":"TECH-AR242","Duration":"00:00:08.6399030","StartTime":"2022-03-16T14:16:58.7809514+00:00","EndTime":"2022-03-16T14:17:07.4208754+00:00","Properties":[{"Key":{"Id":"NUnit.Seed","Label":"Seed","Category":"","Description":"","Attributes":0,"ValueType":"System.String"},"Value":"956607924"}]}],"TestRunStatistics":{"ExecutedTests":2,"Stats":{"Passed":2}},"ActiveTests":[{"Id":"616fbf39-5d9c-a111-aca0-e1a2d91d0507","FullyQualifiedName":"BDDExercise.Features.RegisterSpecsFeature.InvalidLogin(\"panos2\",\"123\",null)","DisplayName":"InvalidLogin(\"panos2\",\"123\",null)","ExecutorUri":"executor://NUnit3TestExecutor","Source":"C:\\Users\\p.terzis\\source\\repos\\BDDExercise\\BDDExercise\\bin\\Debug\\net6.0\\fine-code-coverage\\build-output\\BDDExercise.dll","CodeFilePath":null,"LineNumber":0,"Properties":[{"Key":{"Id":"NUnit.TestCategory","Label":"TestCategory","Category":"","Description":"","Attributes":5,"ValueType":"System.String[]"},"Value":["smoke"]},{"Key":{"Id":"NUnit.Seed","Label":"Seed","Category":"","Description":"","Attributes":0,"ValueType":"System.String"},"Value":"254602299"}]}]}}
TpTrace Verbose: 0 : 79224, 14, 2022/03/16, 16:17:07.438, 7141373759415, vstest.console.dll, TestRunRequest:SendTestRunStatsChange: Starting.
TpTrace Verbose: 0 : 79224, 14, 2022/03/16, 16:17:07.439, 7141373762464, vstest.console.dll, InProgress is InvalidLogin("panos2","123",null)
TpTrace Information: 0 : 79224, 14, 2022/03/16, 16:17:07.439, 7141373764852, vstest.console.dll, TestRunRequest:SendTestRunStatsChange: Completed.
TpTrace Verbose: 0 : 79224, 14, 2022/03/16, 16:17:07.439, 7141373766854, vstest.console.dll, TcpClientExtensions.MessageLoopAsync: Polling on remoteEndPoint: 127.0.0.1:64737 localEndPoint: 127.0.0.1:64736
TpTrace Verbose: 0 : 79224, 14, 2022/03/16, 16:17:08.440, 7141383772440, vstest.console.dll, TcpClientExtensions.MessageLoopAsync: Polling on remoteEndPoint: 127.0.0.1:64737 localEndPoint: 127.0.0.1:64736
TpTrace Verbose: 0 : 79224, 14, 2022/03/16, 16:17:09.440, 7141393772572, vstest.console.dll, TcpClientExtensions.MessageLoopAsync: Polling on remoteEndPoint: 127.0.0.1:64737 localEndPoint: 127.0.0.1:64736
TpTrace Verbose: 0 : 79224, 14, 2022/03/16, 16:17:10.441, 7141403782568, vstest.console.dll, TcpClientExtensions.MessageLoopAsync: Polling on remoteEndPoint: 127.0.0.1:64737 localEndPoint: 127.0.0.1:64736
TpTrace Verbose: 0 : 79224, 14, 2022/03/16, 16:17:11.441, 7141413782474, vstest.console.dll, TcpClientExtensions.MessageLoopAsync: Polling on remoteEndPoint: 127.0.0.1:64737 localEndPoint: 127.0.0.1:64736
TpTrace Verbose: 0 : 79224, 14, 2022/03/16, 16:17:12.441, 7141423782516, vstest.console.dll, TcpClientExtensions.MessageLoopAsync: Polling on remoteEndPoint: 127.0.0.1:64737 localEndPoint: 127.0.0.1:64736
TpTrace Verbose: 0 : 79224, 14, 2022/03/16, 16:17:13.441, 7141433783769, vstest.console.dll, TcpClientExtensions.MessageLoopAsync: Polling on remoteEndPoint: 127.0.0.1:64737 localEndPoint: 127.0.0.1:64736
TpTrace Verbose: 0 : 79224, 14, 2022/03/16, 16:17:14.441, 7141443791302, vstest.console.dll, TcpClientExtensions.MessageLoopAsync: Polling on remoteEndPoint: 127.0.0.1:64737 localEndPoint: 127.0.0.1:64736
TpTrace Verbose: 0 : 79224, 14, 2022/03/16, 16:17:15.442, 7141453796526, vstest.console.dll, TcpClientExtensions.MessageLoopAsync: Polling on remoteEndPoint: 127.0.0.1:64737 localEndPoint: 127.0.0.1:64736
TpTrace Verbose: 0 : 79224, 14, 2022/03/16, 16:17:16.162, 7141460995351, vstest.console.dll, TcpClientExtensions.MessageLoopAsync: NotifyDataAvailable remoteEndPoint: 127.0.0.1:64737 localEndPoint: 127.0.0.1:64736
TpTrace Verbose: 0 : 79224, 14, 2022/03/16, 16:17:16.162, 7141461000016, vstest.console.dll, TestRequestSender.OnExecutionMessageReceived: Received message: {"Version":5,"MessageType":"TestSession.Message","Payload":{"MessageLevel":0,"Message":"Given User is navigated to home page\r\n-> done: LoginSpecsStepDefinitions.GivenUserIsNavigatedToHomePage() (2,4s)\r\nWhen User provides login username panos2\r\n-> done: LoginSpecsStepDefinitions.WhenUserProvidesLoginUsername(\"panos2\") (0,1s)\r\nAnd User provides login password 123\r\n-> done: LoginSpecsStepDefinitions.WhenUserProvidesLoginPassword(\"123\") (0,0s)\r\nAnd User submits login form\r\n-> done: LoginSpecsStepDefinitions.WhenUserSubmitsLogin() (0,1s)\r\nThen User is not logged in\r\n-> error: Target closed\r\n=========================== logs ===========================\r\n  checking visibility of \"//*[@id='rightPanel']//p[@class='error'][contains(text(), 'Please enter a username and password.')]\"\r\n============================================================ (0,0s)\r\n"}}
TpTrace Verbose: 0 : 79224, 14, 2022/03/16, 16:17:16.163, 7141461004837, vstest.console.dll, TestRunRequest:SendTestRunMessage: Starting.
TpTrace Information: 0 : 79224, 14, 2022/03/16, 16:17:16.163, 7141461008230, vstest.console.dll, TestRunRequest:SendTestRunMessage: Completed.
TpTrace Verbose: 0 : 79224, 14, 2022/03/16, 16:17:16.163, 7141461011414, vstest.console.dll, TcpClientExtensions.MessageLoopAsync: Polling on remoteEndPoint: 127.0.0.1:64737 localEndPoint: 127.0.0.1:64736
TpTrace Verbose: 0 : 79224, 14, 2022/03/16, 16:17:16.168, 7141461058151, vstest.console.dll, TcpClientExtensions.MessageLoopAsync: NotifyDataAvailable remoteEndPoint: 127.0.0.1:64737 localEndPoint: 127.0.0.1:64736
TpTrace Verbose: 0 : 79224, 14, 2022/03/16, 16:17:16.169, 7141461064172, vstest.console.dll, TestRequestSender.OnExecutionMessageReceived: Received message: {"Version":5,"MessageType":"TestExecution.StatsChange","Payload":{"NewTestResults":[{"TestCase":{"Id":"616fbf39-5d9c-a111-aca0-e1a2d91d0507","FullyQualifiedName":"BDDExercise.Features.RegisterSpecsFeature.InvalidLogin(\"panos2\",\"123\",null)","DisplayName":"InvalidLogin(\"panos2\",\"123\",null)","ExecutorUri":"executor://NUnit3TestExecutor","Source":"C:\\Users\\p.terzis\\source\\repos\\BDDExercise\\BDDExercise\\bin\\Debug\\net6.0\\fine-code-coverage\\build-output\\BDDExercise.dll","CodeFilePath":null,"LineNumber":0,"Properties":[{"Key":{"Id":"NUnit.TestCategory","Label":"TestCategory","Category":"","Description":"","Attributes":5,"ValueType":"System.String[]"},"Value":["smoke"]},{"Key":{"Id":"NUnit.Seed","Label":"Seed","Category":"","Description":"","Attributes":0,"ValueType":"System.String"},"Value":"254602299"}]},"Attachments":[],"Outcome":2,"ErrorMessage":"Microsoft.Playwright.PlaywrightException : Target closed\r\n=========================== logs ===========================\r\n  checking visibility of \"//*[@id='rightPanel']//p[@class='error'][contains(text(), 'Please enter a username and password.')]\"\r\n============================================================","ErrorStackTrace":"   at Microsoft.Playwright.Transport.Connection.SendMessageToServerAsync[T](String guid, String method, Object args)\r\n   at Microsoft.Playwright.Transport.Channels.FrameChannel.IsVisibleAsync(String selector, Nullable`1 timeout, Nullable`1 strict)\r\n   at BDDExercise.Models.HomePage.VerifyLoginIsUnsuccessful() in C:\\Users\\p.terzis\\source\\repos\\BDDExercise\\BDDExercise\\Models\\HomePage.cs:line 73\r\n   at BDDExercise.StepDefinitions.LoginSpecsStepDefinitions.ThenUserIsNotLoggedIn() in C:\\Users\\p.terzis\\source\\repos\\BDDExercise\\BDDExercise\\StepDefinitions\\LoginSpecsStepDefinitions.cs:line 61\r\n   at TechTalk.SpecFlow.Bindings.SynchronousBindingDelegateInvoker.<>c__DisplayClass2_0.<<InvokeBindingDelegateAsync>b__0>d.MoveNext()\r\n--- End of stack trace from previous location ---\r\n   at TechTalk.SpecFlow.Bindings.AsyncHelpers.<>c__DisplayClass1_0`1.<<RunSync>b__0>d.MoveNext()\r\n--- End of stack trace from previous location ---\r\n   at TechTalk.SpecFlow.Bindings.AsyncHelpers.ExclusiveSynchronizationContext.BeginMessageLoop()\r\n   at TechTalk.SpecFlow.Bindings.AsyncHelpers.RunSync[T](Func`1 task)\r\n   at TechTalk.SpecFlow.Bindings.SynchronousBindingDelegateInvoker.InvokeBindingDelegateAsync(Delegate bindingDelegate, Object[] invokeArgs)\r\n   at TechTalk.SpecFlow.Bindings.SynchronousBindingDelegateInvoker.InvokeDelegateSynchronously(Delegate bindingDelegate, Object[] invokeArgs)\r\n   at TechTalk.SpecFlow.Bindings.BindingInvoker.InvokeBinding(IBinding binding, IContextManager contextManager, Object[] arguments, ITestTracer testTracer, TimeSpan& duration)\r\n   at TechTalk.SpecFlow.Infrastructure.TestExecutionEngine.ExecuteStepMatch(BindingMatch match, Object[] arguments, TimeSpan& duration)\r\n   at TechTalk.SpecFlow.Infrastructure.TestExecutionEngine.ExecuteStep(IContextManager contextManager, StepInstance stepInstance)\r\n   at TechTalk.SpecFlow.Infrastructure.TestExecutionEngine.OnAfterLastStep()\r\n   at TechTalk.SpecFlow.TestRunner.CollectScenarioErrors()\r\n   at BDDExercise.Features.RegisterSpecsFeature.ScenarioCleanup()\r\n   at BDDExercise.Features.RegisterSpecsFeature.InvalidLogin(String username, String password, String[] exampleTags) in C:\\Users\\p.terzis\\source\\repos\\BDDExercise\\BDDExercise\\Features\\RegisterSpecs.feature:line 17","DisplayName":"InvalidLogin(\"panos2\",\"123\",null)","Messages":[{"Category":"StdOutMsgs","Text":"Given User is navigated to home page\r\n-> done: LoginSpecsStepDefinitions.GivenUserIsNavigatedToHomePage() (2,4s)\r\nWhen User provides login username panos2\r\n-> done: LoginSpecsStepDefinitions.WhenUserProvidesLoginUsername(\"panos2\") (0,1s)\r\nAnd User provides login password 123\r\n-> done: LoginSpecsStepDefinitions.WhenUserProvidesLoginPassword(\"123\") (0,0s)\r\nAnd User submits login form\r\n-> done: LoginSpecsStepDefinitions.WhenUserSubmitsLogin() (0,1s)\r\nThen User is not logged in\r\n-> error: Target closed\r\n=========================== logs ===========================\r\n  checking visibility of \"//*[@id='rightPanel']//p[@class='error'][contains(text(), 'Please enter a username and password.')]\"\r\n============================================================ (0,0s)\r\n"}],"ComputerName":"TECH-AR242","Duration":"00:00:08.7383150","StartTime":"2022-03-16T14:17:07.4209408+00:00","EndTime":"2022-03-16T14:17:16.1592761+00:00","Properties":[{"Key":{"Id":"NUnit.Seed","Label":"Seed","Category":"","Description":"","Attributes":0,"ValueType":"System.String"},"Value":"254602299"}]}],"TestRunStatistics":{"ExecutedTests":3,"Stats":{"Passed":2,"Failed":1}},"ActiveTests":[{"Id":"2eac190e-3aa6-7009-dc42-861217dbc15c","FullyQualifiedName":"BDDExercise.Features.RegisterSpecsFeature.InvalidLogin(\"panos2\",\"\",null)","DisplayName":"InvalidLogin(\"panos2\",\"\",null)","ExecutorUri":"executor://NUnit3TestExecutor","Source":"C:\\Users\\p.terzis\\source\\repos\\BDDExercise\\BDDExercise\\bin\\Debug\\net6.0\\fine-code-coverage\\build-output\\BDDExercise.dll","CodeFilePath":null,"LineNumber":0,"Properties":[{"Key":{"Id":"NUnit.TestCategory","Label":"TestCategory","Category":"","Description":"","Attributes":5,"ValueType":"System.String[]"},"Value":["smoke"]},{"Key":{"Id":"NUnit.Seed","Label":"Seed","Category":"","Description":"","Attributes":0,"ValueType":"System.String"},"Value":"1461791450"}]}]}}
TpTrace Verbose: 0 : 79224, 14, 2022/03/16, 16:17:16.171, 7141461084694, vstest.console.dll, TestRunRequest:SendTestRunStatsChange: Starting.
TpTrace Verbose: 0 : 79224, 14, 2022/03/16, 16:17:16.171, 7141461087907, vstest.console.dll, InProgress is InvalidLogin("panos2","",null)
TpTrace Information: 0 : 79224, 14, 2022/03/16, 16:17:16.171, 7141461090380, vstest.console.dll, TestRunRequest:SendTestRunStatsChange: Completed.
TpTrace Verbose: 0 : 79224, 14, 2022/03/16, 16:17:16.172, 7141461093123, vstest.console.dll, TcpClientExtensions.MessageLoopAsync: Polling on remoteEndPoint: 127.0.0.1:64737 localEndPoint: 127.0.0.1:64736
TpTrace Verbose: 0 : 79224, 14, 2022/03/16, 16:17:17.171, 7141471091445, vstest.console.dll, TcpClientExtensions.MessageLoopAsync: Polling on remoteEndPoint: 127.0.0.1:64737 localEndPoint: 127.0.0.1:64736
TpTrace Verbose: 0 : 79224, 14, 2022/03/16, 16:17:18.172, 7141481101492, vstest.console.dll, TcpClientExtensions.MessageLoopAsync: Polling on remoteEndPoint: 127.0.0.1:64737 localEndPoint: 127.0.0.1:64736
TpTrace Verbose: 0 : 79224, 14, 2022/03/16, 16:17:19.173, 7141491111436, vstest.console.dll, TcpClientExtensions.MessageLoopAsync: Polling on remoteEndPoint: 127.0.0.1:64737 localEndPoint: 127.0.0.1:64736
TpTrace Verbose: 0 : 79224, 14, 2022/03/16, 16:17:20.174, 7141501121414, vstest.console.dll, TcpClientExtensions.MessageLoopAsync: Polling on remoteEndPoint: 127.0.0.1:64737 localEndPoint: 127.0.0.1:64736
TpTrace Verbose: 0 : 79224, 14, 2022/03/16, 16:17:21.175, 7141511124296, vstest.console.dll, TcpClientExtensions.MessageLoopAsync: Polling on remoteEndPoint: 127.0.0.1:64737 localEndPoint: 127.0.0.1:64736
TpTrace Verbose: 0 : 79224, 14, 2022/03/16, 16:17:22.175, 7141521130019, vstest.console.dll, TcpClientExtensions.MessageLoopAsync: Polling on remoteEndPoint: 127.0.0.1:64737 localEndPoint: 127.0.0.1:64736
TpTrace Verbose: 0 : 79224, 14, 2022/03/16, 16:17:23.176, 7141531132439, vstest.console.dll, TcpClientExtensions.MessageLoopAsync: Polling on remoteEndPoint: 127.0.0.1:64737 localEndPoint: 127.0.0.1:64736
TpTrace Verbose: 0 : 79224, 14, 2022/03/16, 16:17:24.176, 7141541134870, vstest.console.dll, TcpClientExtensions.MessageLoopAsync: Polling on remoteEndPoint: 127.0.0.1:64737 localEndPoint: 127.0.0.1:64736
TpTrace Verbose: 0 : 79224, 14, 2022/03/16, 16:17:24.796, 7141547337901, vstest.console.dll, TcpClientExtensions.MessageLoopAsync: NotifyDataAvailable remoteEndPoint: 127.0.0.1:64737 localEndPoint: 127.0.0.1:64736
TpTrace Verbose: 0 : 79224, 14, 2022/03/16, 16:17:24.796, 7141547341414, vstest.console.dll, TestRequestSender.OnExecutionMessageReceived: Received message: {"Version":5,"MessageType":"TestSession.Message","Payload":{"MessageLevel":0,"Message":"Given User is navigated to home page\r\n-> done: LoginSpecsStepDefinitions.GivenUserIsNavigatedToHomePage() (2,3s)\r\nWhen User provides login username panos2\r\n-> done: LoginSpecsStepDefinitions.WhenUserProvidesLoginUsername(\"panos2\") (0,1s)\r\nAnd User provides login password\r\n-> done: LoginSpecsStepDefinitions.WhenUserProvidesLoginPassword(\"\") (0,0s)\r\nAnd User submits login form\r\n-> done: LoginSpecsStepDefinitions.WhenUserSubmitsLogin() (0,4s)\r\nThen User is not logged in\r\n-> done: LoginSpecsStepDefinitions.ThenUserIsNotLoggedIn() (0,0s)\r\n"}}
TpTrace Verbose: 0 : 79224, 14, 2022/03/16, 16:17:24.797, 7141547344800, vstest.console.dll, TestRunRequest:SendTestRunMessage: Starting.
TpTrace Information: 0 : 79224, 14, 2022/03/16, 16:17:24.797, 7141547348655, vstest.console.dll, TestRunRequest:SendTestRunMessage: Completed.
TpTrace Verbose: 0 : 79224, 14, 2022/03/16, 16:17:24.797, 7141547351262, vstest.console.dll, TcpClientExtensions.MessageLoopAsync: Polling on remoteEndPoint: 127.0.0.1:64737 localEndPoint: 127.0.0.1:64736
TpTrace Verbose: 0 : 79224, 14, 2022/03/16, 16:17:24.801, 7141547385452, vstest.console.dll, TcpClientExtensions.MessageLoopAsync: NotifyDataAvailable remoteEndPoint: 127.0.0.1:64737 localEndPoint: 127.0.0.1:64736
TpTrace Verbose: 0 : 79224, 14, 2022/03/16, 16:17:24.801, 7141547389110, vstest.console.dll, TestRequestSender.OnExecutionMessageReceived: Received message: {"Version":5,"MessageType":"TestExecution.StatsChange","Payload":{"NewTestResults":[{"TestCase":{"Id":"2eac190e-3aa6-7009-dc42-861217dbc15c","FullyQualifiedName":"BDDExercise.Features.RegisterSpecsFeature.InvalidLogin(\"panos2\",\"\",null)","DisplayName":"InvalidLogin(\"panos2\",\"\",null)","ExecutorUri":"executor://NUnit3TestExecutor","Source":"C:\\Users\\p.terzis\\source\\repos\\BDDExercise\\BDDExercise\\bin\\Debug\\net6.0\\fine-code-coverage\\build-output\\BDDExercise.dll","CodeFilePath":null,"LineNumber":0,"Properties":[{"Key":{"Id":"NUnit.TestCategory","Label":"TestCategory","Category":"","Description":"","Attributes":5,"ValueType":"System.String[]"},"Value":["smoke"]},{"Key":{"Id":"NUnit.Seed","Label":"Seed","Category":"","Description":"","Attributes":0,"ValueType":"System.String"},"Value":"1461791450"}]},"Attachments":[],"Outcome":1,"ErrorMessage":null,"ErrorStackTrace":null,"DisplayName":"InvalidLogin(\"panos2\",\"\",null)","Messages":[{"Category":"StdOutMsgs","Text":"Given User is navigated to home page\r\n-> done: LoginSpecsStepDefinitions.GivenUserIsNavigatedToHomePage() (2,3s)\r\nWhen User provides login username panos2\r\n-> done: LoginSpecsStepDefinitions.WhenUserProvidesLoginUsername(\"panos2\") (0,1s)\r\nAnd User provides login password\r\n-> done: LoginSpecsStepDefinitions.WhenUserProvidesLoginPassword(\"\") (0,0s)\r\nAnd User submits login form\r\n-> done: LoginSpecsStepDefinitions.WhenUserSubmitsLogin() (0,4s)\r\nThen User is not logged in\r\n-> done: LoginSpecsStepDefinitions.ThenUserIsNotLoggedIn() (0,0s)\r\n"}],"ComputerName":"TECH-AR242","Duration":"00:00:08.6354870","StartTime":"2022-03-16T14:17:16.1595524+00:00","EndTime":"2022-03-16T14:17:24.7950588+00:00","Properties":[{"Key":{"Id":"NUnit.Seed","Label":"Seed","Category":"","Description":"","Attributes":0,"ValueType":"System.String"},"Value":"1461791450"}]}],"TestRunStatistics":{"ExecutedTests":4,"Stats":{"Passed":3,"Failed":1}},"ActiveTests":[{"Id":"0c9c6b8a-3026-8d6c-5df4-3a0ab8f054a5","FullyQualifiedName":"BDDExercise.Features.RegisterSpecsFeature.InvalidLogin(\"asdf\",\"qwert1\",null)","DisplayName":"InvalidLogin(\"asdf\",\"qwert1\",null)","ExecutorUri":"executor://NUnit3TestExecutor","Source":"C:\\Users\\p.terzis\\source\\repos\\BDDExercise\\BDDExercise\\bin\\Debug\\net6.0\\fine-code-coverage\\build-output\\BDDExercise.dll","CodeFilePath":null,"LineNumber":0,"Properties":[{"Key":{"Id":"NUnit.TestCategory","Label":"TestCategory","Category":"","Description":"","Attributes":5,"ValueType":"System.String[]"},"Value":["smoke"]},{"Key":{"Id":"NUnit.Seed","Label":"Seed","Category":"","Description":"","Attributes":0,"ValueType":"System.String"},"Value":"1085595932"}]}]}}
TpTrace Verbose: 0 : 79224, 14, 2022/03/16, 16:17:24.802, 7141547401376, vstest.console.dll, TestRunRequest:SendTestRunStatsChange: Starting.
TpTrace Verbose: 0 : 79224, 14, 2022/03/16, 16:17:24.803, 7141547404044, vstest.console.dll, InProgress is InvalidLogin("asdf","qwert1",null)
TpTrace Information: 0 : 79224, 14, 2022/03/16, 16:17:24.803, 7141547406414, vstest.console.dll, TestRunRequest:SendTestRunStatsChange: Completed.
TpTrace Verbose: 0 : 79224, 14, 2022/03/16, 16:17:24.803, 7141547408670, vstest.console.dll, TcpClientExtensions.MessageLoopAsync: Polling on remoteEndPoint: 127.0.0.1:64737 localEndPoint: 127.0.0.1:64736
TpTrace Verbose: 0 : 79224, 14, 2022/03/16, 16:17:25.803, 7141557402936, vstest.console.dll, TcpClientExtensions.MessageLoopAsync: Polling on remoteEndPoint: 127.0.0.1:64737 localEndPoint: 127.0.0.1:64736
TpTrace Verbose: 0 : 79224, 14, 2022/03/16, 16:17:26.803, 7141567405455, vstest.console.dll, TcpClientExtensions.MessageLoopAsync: Polling on remoteEndPoint: 127.0.0.1:64737 localEndPoint: 127.0.0.1:64736
TpTrace Verbose: 0 : 79224, 14, 2022/03/16, 16:17:27.804, 7141577415473, vstest.console.dll, TcpClientExtensions.MessageLoopAsync: Polling on remoteEndPoint: 127.0.0.1:64737 localEndPoint: 127.0.0.1:64736
TpTrace Verbose: 0 : 79224, 14, 2022/03/16, 16:17:28.805, 7141587424816, vstest.console.dll, TcpClientExtensions.MessageLoopAsync: Polling on remoteEndPoint: 127.0.0.1:64737 localEndPoint: 127.0.0.1:64736
TpTrace Verbose: 0 : 79224, 14, 2022/03/16, 16:17:29.805, 7141597425489, vstest.console.dll, TcpClientExtensions.MessageLoopAsync: Polling on remoteEndPoint: 127.0.0.1:64737 localEndPoint: 127.0.0.1:64736
TpTrace Verbose: 0 : 79224, 14, 2022/03/16, 16:17:30.805, 7141607430345, vstest.console.dll, TcpClientExtensions.MessageLoopAsync: Polling on remoteEndPoint: 127.0.0.1:64737 localEndPoint: 127.0.0.1:64736
TpTrace Verbose: 0 : 79224, 14, 2022/03/16, 16:17:31.805, 7141617431009, vstest.console.dll, TcpClientExtensions.MessageLoopAsync: Polling on remoteEndPoint: 127.0.0.1:64737 localEndPoint: 127.0.0.1:64736
TpTrace Verbose: 0 : 79224, 14, 2022/03/16, 16:17:32.662, 7141625992567, vstest.console.dll, TcpClientExtensions.MessageLoopAsync: NotifyDataAvailable remoteEndPoint: 127.0.0.1:64737 localEndPoint: 127.0.0.1:64736
TpTrace Verbose: 0 : 79224, 14, 2022/03/16, 16:17:32.662, 7141625996053, vstest.console.dll, TestRequestSender.OnExecutionMessageReceived: Received message: {"Version":5,"MessageType":"TestSession.Message","Payload":{"MessageLevel":0,"Message":"Given User is navigated to home page\r\n-> done: LoginSpecsStepDefinitions.GivenUserIsNavigatedToHomePage() (2,0s)\r\nWhen User provides login username asdf\r\n-> error: Target closed\r\n=========================== logs ===========================\r\nwaiting for selector \"[name='username']\"\r\n============================================================ (0,0s)\r\nAnd User provides login password qwert1\r\n-> skipped because of previous errors\r\nAnd User submits login form\r\n-> skipped because of previous errors\r\nThen User is not logged in\r\n-> skipped because of previous errors\r\n"}}
TpTrace Verbose: 0 : 79224, 14, 2022/03/16, 16:17:32.663, 7141626004660, vstest.console.dll, TestRunRequest:SendTestRunMessage: Starting.
TpTrace Information: 0 : 79224, 14, 2022/03/16, 16:17:32.663, 7141626008560, vstest.console.dll, TestRunRequest:SendTestRunMessage: Completed.
TpTrace Verbose: 0 : 79224, 14, 2022/03/16, 16:17:32.664, 7141626011737, vstest.console.dll, TcpClientExtensions.MessageLoopAsync: Polling on remoteEndPoint: 127.0.0.1:64737 localEndPoint: 127.0.0.1:64736
TpTrace Verbose: 0 : 79224, 14, 2022/03/16, 16:17:32.669, 7141626064862, vstest.console.dll, TcpClientExtensions.MessageLoopAsync: NotifyDataAvailable remoteEndPoint: 127.0.0.1:64737 localEndPoint: 127.0.0.1:64736
TpTrace Verbose: 0 : 79224, 14, 2022/03/16, 16:17:32.669, 7141626069187, vstest.console.dll, TestRequestSender.OnExecutionMessageReceived: Received message: {"Version":5,"MessageType":"TestExecution.StatsChange","Payload":{"NewTestResults":[{"TestCase":{"Id":"0c9c6b8a-3026-8d6c-5df4-3a0ab8f054a5","FullyQualifiedName":"BDDExercise.Features.RegisterSpecsFeature.InvalidLogin(\"asdf\",\"qwert1\",null)","DisplayName":"InvalidLogin(\"asdf\",\"qwert1\",null)","ExecutorUri":"executor://NUnit3TestExecutor","Source":"C:\\Users\\p.terzis\\source\\repos\\BDDExercise\\BDDExercise\\bin\\Debug\\net6.0\\fine-code-coverage\\build-output\\BDDExercise.dll","CodeFilePath":null,"LineNumber":0,"Properties":[{"Key":{"Id":"NUnit.TestCategory","Label":"TestCategory","Category":"","Description":"","Attributes":5,"ValueType":"System.String[]"},"Value":["smoke"]},{"Key":{"Id":"NUnit.Seed","Label":"Seed","Category":"","Description":"","Attributes":0,"ValueType":"System.String"},"Value":"1085595932"}]},"Attachments":[],"Outcome":2,"ErrorMessage":"Microsoft.Playwright.PlaywrightException : Target closed\r\n=========================== logs ===========================\r\nwaiting for selector \"[name='username']\"\r\n============================================================","ErrorStackTrace":"   at Microsoft.Playwright.Transport.Connection.SendMessageToServerAsync[T](String guid, String method, Object args)\r\n   at BDDExercise.Models.HomePage.SetUsername(String username) in C:\\Users\\p.terzis\\source\\repos\\BDDExercise\\BDDExercise\\Models\\HomePage.cs:line 51\r\n   at BDDExercise.StepDefinitions.LoginSpecsStepDefinitions.WhenUserProvidesLoginUsername(String username) in C:\\Users\\p.terzis\\source\\repos\\BDDExercise\\BDDExercise\\StepDefinitions\\LoginSpecsStepDefinitions.cs:line 43\r\n   at TechTalk.SpecFlow.Bindings.SynchronousBindingDelegateInvoker.<>c__DisplayClass2_0.<<InvokeBindingDelegateAsync>b__0>d.MoveNext()\r\n--- End of stack trace from previous location ---\r\n   at TechTalk.SpecFlow.Bindings.AsyncHelpers.<>c__DisplayClass1_0`1.<<RunSync>b__0>d.MoveNext()\r\n--- End of stack trace from previous location ---\r\n   at TechTalk.SpecFlow.Bindings.AsyncHelpers.ExclusiveSynchronizationContext.BeginMessageLoop()\r\n   at TechTalk.SpecFlow.Bindings.AsyncHelpers.RunSync[T](Func`1 task)\r\n   at TechTalk.SpecFlow.Bindings.SynchronousBindingDelegateInvoker.InvokeBindingDelegateAsync(Delegate bindingDelegate, Object[] invokeArgs)\r\n   at TechTalk.SpecFlow.Bindings.SynchronousBindingDelegateInvoker.InvokeDelegateSynchronously(Delegate bindingDelegate, Object[] invokeArgs)\r\n   at TechTalk.SpecFlow.Bindings.BindingInvoker.InvokeBinding(IBinding binding, IContextManager contextManager, Object[] arguments, ITestTracer testTracer, TimeSpan& duration)\r\n   at TechTalk.SpecFlow.Infrastructure.TestExecutionEngine.ExecuteStepMatch(BindingMatch match, Object[] arguments, TimeSpan& duration)\r\n   at TechTalk.SpecFlow.Infrastructure.TestExecutionEngine.ExecuteStep(IContextManager contextManager, StepInstance stepInstance)\r\n   at TechTalk.SpecFlow.Infrastructure.TestExecutionEngine.OnAfterLastStep()\r\n   at TechTalk.SpecFlow.TestRunner.CollectScenarioErrors()\r\n   at BDDExercise.Features.RegisterSpecsFeature.ScenarioCleanup()\r\n   at BDDExercise.Features.RegisterSpecsFeature.InvalidLogin(String username, String password, String[] exampleTags) in C:\\Users\\p.terzis\\source\\repos\\BDDExercise\\BDDExercise\\Features\\RegisterSpecs.feature:line 17","DisplayName":"InvalidLogin(\"asdf\",\"qwert1\",null)","Messages":[{"Category":"StdOutMsgs","Text":"Given User is navigated to home page\r\n-> done: LoginSpecsStepDefinitions.GivenUserIsNavigatedToHomePage() (2,0s)\r\nWhen User provides login username asdf\r\n-> error: Target closed\r\n=========================== logs ===========================\r\nwaiting for selector \"[name='username']\"\r\n============================================================ (0,0s)\r\nAnd User provides login password qwert1\r\n-> skipped because of previous errors\r\nAnd User submits login form\r\n-> skipped because of previous errors\r\nThen User is not logged in\r\n-> skipped because of previous errors\r\n"}],"ComputerName":"TECH-AR242","Duration":"00:00:07.8651190","StartTime":"2022-03-16T14:17:24.7951022+00:00","EndTime":"2022-03-16T14:17:32.6602388+00:00","Properties":[{"Key":{"Id":"NUnit.Seed","Label":"Seed","Category":"","Description":"","Attributes":0,"ValueType":"System.String"},"Value":"1085595932"}]}],"TestRunStatistics":{"ExecutedTests":5,"Stats":{"Passed":3,"Failed":2}},"ActiveTests":[{"Id":"f4c859aa-fc92-2b34-ebb6-933d37b6bc92","FullyQualifiedName":"BDDExercise.Features.RegisterSpecsFeature.MissingRegistrationInfo","DisplayName":"MissingRegistrationInfo","ExecutorUri":"executor://NUnit3TestExecutor","Source":"C:\\Users\\p.terzis\\source\\repos\\BDDExercise\\BDDExercise\\bin\\Debug\\net6.0\\fine-code-coverage\\build-output\\BDDExercise.dll","CodeFilePath":null,"LineNumber":0,"Properties":[{"Key":{"Id":"NUnit.TestCategory","Label":"TestCategory","Category":"","Description":"","Attributes":5,"ValueType":"System.String[]"},"Value":["smoke"]},{"Key":{"Id":"NUnit.Seed","Label":"Seed","Category":"","Description":"","Attributes":0,"ValueType":"System.String"},"Value":"1107662155"}]}]}}
TpTrace Verbose: 0 : 79224, 14, 2022/03/16, 16:17:32.671, 7141626085128, vstest.console.dll, TestRunRequest:SendTestRunStatsChange: Starting.
TpTrace Verbose: 0 : 79224, 14, 2022/03/16, 16:17:32.671, 7141626087783, vstest.console.dll, InProgress is MissingRegistrationInfo
TpTrace Information: 0 : 79224, 14, 2022/03/16, 16:17:32.671, 7141626089894, vstest.console.dll, TestRunRequest:SendTestRunStatsChange: Completed.
TpTrace Verbose: 0 : 79224, 14, 2022/03/16, 16:17:32.672, 7141626092501, vstest.console.dll, TcpClientExtensions.MessageLoopAsync: Polling on remoteEndPoint: 127.0.0.1:64737 localEndPoint: 127.0.0.1:64736
TpTrace Verbose: 0 : 79224, 14, 2022/03/16, 16:17:33.673, 7141636102372, vstest.console.dll, TcpClientExtensions.MessageLoopAsync: Polling on remoteEndPoint: 127.0.0.1:64737 localEndPoint: 127.0.0.1:64736
TpTrace Verbose: 0 : 79224, 14, 2022/03/16, 16:17:34.673, 7141646104961, vstest.console.dll, TcpClientExtensions.MessageLoopAsync: Polling on remoteEndPoint: 127.0.0.1:64737 localEndPoint: 127.0.0.1:64736
TpTrace Verbose: 0 : 79224, 14, 2022/03/16, 16:17:35.673, 7141656105292, vstest.console.dll, TcpClientExtensions.MessageLoopAsync: Polling on remoteEndPoint: 127.0.0.1:64737 localEndPoint: 127.0.0.1:64736
TpTrace Verbose: 0 : 79224, 14, 2022/03/16, 16:17:36.673, 7141666108181, vstest.console.dll, TcpClientExtensions.MessageLoopAsync: Polling on remoteEndPoint: 127.0.0.1:64737 localEndPoint: 127.0.0.1:64736
TpTrace Verbose: 0 : 79224, 14, 2022/03/16, 16:17:37.674, 7141676118057, vstest.console.dll, TcpClientExtensions.MessageLoopAsync: Polling on remoteEndPoint: 127.0.0.1:64737 localEndPoint: 127.0.0.1:64736
TpTrace Verbose: 0 : 79224, 14, 2022/03/16, 16:17:38.675, 7141686124244, vstest.console.dll, TcpClientExtensions.MessageLoopAsync: Polling on remoteEndPoint: 127.0.0.1:64737 localEndPoint: 127.0.0.1:64736
TpTrace Verbose: 0 : 79224, 14, 2022/03/16, 16:17:39.675, 7141696130071, vstest.console.dll, TcpClientExtensions.MessageLoopAsync: Polling on remoteEndPoint: 127.0.0.1:64737 localEndPoint: 127.0.0.1:64736
TpTrace Verbose: 0 : 79224, 14, 2022/03/16, 16:17:40.675, 7141706130055, vstest.console.dll, TcpClientExtensions.MessageLoopAsync: Polling on remoteEndPoint: 127.0.0.1:64737 localEndPoint: 127.0.0.1:64736
TpTrace Verbose: 0 : 79224, 14, 2022/03/16, 16:17:41.675, 7141716130416, vstest.console.dll, TcpClientExtensions.MessageLoopAsync: Polling on remoteEndPoint: 127.0.0.1:64737 localEndPoint: 127.0.0.1:64736
TpTrace Verbose: 0 : 79224, 14, 2022/03/16, 16:17:42.675, 7141726131150, vstest.console.dll, TcpClientExtensions.MessageLoopAsync: Polling on remoteEndPoint: 127.0.0.1:64737 localEndPoint: 127.0.0.1:64736
TpTrace Verbose: 0 : 79224, 14, 2022/03/16, 16:17:43.676, 7141736137973, vstest.console.dll, TcpClientExtensions.MessageLoopAsync: Polling on remoteEndPoint: 127.0.0.1:64737 localEndPoint: 127.0.0.1:64736
TpTrace Verbose: 0 : 79224, 14, 2022/03/16, 16:17:44.098, 7141740356809, vstest.console.dll, TcpClientExtensions.MessageLoopAsync: NotifyDataAvailable remoteEndPoint: 127.0.0.1:64737 localEndPoint: 127.0.0.1:64736
TpTrace Verbose: 0 : 79224, 14, 2022/03/16, 16:17:44.098, 7141740360433, vstest.console.dll, TestRequestSender.OnExecutionMessageReceived: Received message: {"Version":5,"MessageType":"TestSession.Message","Payload":{"MessageLevel":0,"Message":"Given User is navigated to home page\r\n-> done: LoginSpecsStepDefinitions.GivenUserIsNavigatedToHomePage() (3,4s)\r\nAnd User is navigated to registration page\r\n-> done: RegistrationSpecsStepDefinitions.GivenUserIsNavigatedToRegistrationPage() (1,2s)\r\nWhen User submits registration form\r\n-> done: RegistrationSpecsStepDefinitions.WhenUserSubmitsRegistrationForm() (0,3s)\r\nThen First name is required\r\n-> done: RegistrationSpecsStepDefinitions.ThenFirstNameIsRequired() (0,0s)\r\nAnd Last name is required\r\n-> done: RegistrationSpecsStepDefinitions.ThenLastNameIsRequired() (0,0s)\r\nAnd Address is required\r\n-> done: RegistrationSpecsStepDefinitions.ThenAddressIsRequired() (0,0s)\r\nAnd City is required\r\n-> done: RegistrationSpecsStepDefinitions.ThenCityIsRequired() (0,0s)\r\nAnd State is required\r\n-> done: RegistrationSpecsStepDefinitions.ThenStateIsRequired() (0,0s)\r\nAnd Zip Code is required\r\n-> done: RegistrationSpecsStepDefinitions.ThenZipCodeIsRequired() (0,0s)\r\nAnd SSN is required\r\n-> done: RegistrationSpecsStepDefinitions.ThenSSNIsRequired() (0,0s)\r\nAnd Username is required\r\n-> done: RegistrationSpecsStepDefinitions.ThenUsernameIsRequired() (0,0s)\r\nAnd Password is required\r\n-> done: RegistrationSpecsStepDefinitions.ThenPasswordIsRequired() (0,0s)\r\nAnd Repeated password is required\r\n-> done: RegistrationSpecsStepDefinitions.ThenRepeatedPasswordIsRequired() (0,0s)\r\n"}}
TpTrace Verbose: 0 : 79224, 14, 2022/03/16, 16:17:44.099, 7141740364276, vstest.console.dll, TestRunRequest:SendTestRunMessage: Starting.
TpTrace Information: 0 : 79224, 14, 2022/03/16, 16:17:44.099, 7141740367291, vstest.console.dll, TestRunRequest:SendTestRunMessage: Completed.
TpTrace Verbose: 0 : 79224, 14, 2022/03/16, 16:17:44.099, 7141740369742, vstest.console.dll, TcpClientExtensions.MessageLoopAsync: Polling on remoteEndPoint: 127.0.0.1:64737 localEndPoint: 127.0.0.1:64736
TpTrace Verbose: 0 : 79224, 14, 2022/03/16, 16:17:44.104, 7141740413713, vstest.console.dll, TcpClientExtensions.MessageLoopAsync: NotifyDataAvailable remoteEndPoint: 127.0.0.1:64737 localEndPoint: 127.0.0.1:64736
TpTrace Verbose: 0 : 79224, 14, 2022/03/16, 16:17:44.104, 7141740417724, vstest.console.dll, TestRequestSender.OnExecutionMessageReceived: Received message: {"Version":5,"MessageType":"TestExecution.StatsChange","Payload":{"NewTestResults":[{"TestCase":{"Id":"f4c859aa-fc92-2b34-ebb6-933d37b6bc92","FullyQualifiedName":"BDDExercise.Features.RegisterSpecsFeature.MissingRegistrationInfo","DisplayName":"MissingRegistrationInfo","ExecutorUri":"executor://NUnit3TestExecutor","Source":"C:\\Users\\p.terzis\\source\\repos\\BDDExercise\\BDDExercise\\bin\\Debug\\net6.0\\fine-code-coverage\\build-output\\BDDExercise.dll","CodeFilePath":null,"LineNumber":0,"Properties":[{"Key":{"Id":"NUnit.TestCategory","Label":"TestCategory","Category":"","Description":"","Attributes":5,"ValueType":"System.String[]"},"Value":["smoke"]},{"Key":{"Id":"NUnit.Seed","Label":"Seed","Category":"","Description":"","Attributes":0,"ValueType":"System.String"},"Value":"1107662155"}]},"Attachments":[],"Outcome":1,"ErrorMessage":null,"ErrorStackTrace":null,"DisplayName":"MissingRegistrationInfo","Messages":[{"Category":"StdOutMsgs","Text":"Given User is navigated to home page\r\n-> done: LoginSpecsStepDefinitions.GivenUserIsNavigatedToHomePage() (3,4s)\r\nAnd User is navigated to registration page\r\n-> done: RegistrationSpecsStepDefinitions.GivenUserIsNavigatedToRegistrationPage() (1,2s)\r\nWhen User submits registration form\r\n-> done: RegistrationSpecsStepDefinitions.WhenUserSubmitsRegistrationForm() (0,3s)\r\nThen First name is required\r\n-> done: RegistrationSpecsStepDefinitions.ThenFirstNameIsRequired() (0,0s)\r\nAnd Last name is required\r\n-> done: RegistrationSpecsStepDefinitions.ThenLastNameIsRequired() (0,0s)\r\nAnd Address is required\r\n-> done: RegistrationSpecsStepDefinitions.ThenAddressIsRequired() (0,0s)\r\nAnd City is required\r\n-> done: RegistrationSpecsStepDefinitions.ThenCityIsRequired() (0,0s)\r\nAnd State is required\r\n-> done: RegistrationSpecsStepDefinitions.ThenStateIsRequired() (0,0s)\r\nAnd Zip Code is required\r\n-> done: RegistrationSpecsStepDefinitions.ThenZipCodeIsRequired() (0,0s)\r\nAnd SSN is required\r\n-> done: RegistrationSpecsStepDefinitions.ThenSSNIsRequired() (0,0s)\r\nAnd Username is required\r\n-> done: RegistrationSpecsStepDefinitions.ThenUsernameIsRequired() (0,0s)\r\nAnd Password is required\r\n-> done: RegistrationSpecsStepDefinitions.ThenPasswordIsRequired() (0,0s)\r\nAnd Repeated password is required\r\n-> done: RegistrationSpecsStepDefinitions.ThenRepeatedPasswordIsRequired() (0,0s)\r\n"}],"ComputerName":"TECH-AR242","Duration":"00:00:11.4346010","StartTime":"2022-03-16T14:17:32.6624779+00:00","EndTime":"2022-03-16T14:17:44.0971048+00:00","Properties":[{"Key":{"Id":"NUnit.Seed","Label":"Seed","Category":"","Description":"","Attributes":0,"ValueType":"System.String"},"Value":"1107662155"}]}],"TestRunStatistics":{"ExecutedTests":6,"Stats":{"Passed":4,"Failed":2}},"ActiveTests":[{"Id":"597014eb-db1f-2b0e-ac65-3ab25e4c7be6","FullyQualifiedName":"BDDExercise.Features.RegisterSpecsFeature.SuccessfulUsersLogin","DisplayName":"SuccessfulUsersLogin","ExecutorUri":"executor://NUnit3TestExecutor","Source":"C:\\Users\\p.terzis\\source\\repos\\BDDExercise\\BDDExercise\\bin\\Debug\\net6.0\\fine-code-coverage\\build-output\\BDDExercise.dll","CodeFilePath":null,"LineNumber":0,"Properties":[{"Key":{"Id":"NUnit.TestCategory","Label":"TestCategory","Category":"","Description":"","Attributes":5,"ValueType":"System.String[]"},"Value":["smoke"]},{"Key":{"Id":"NUnit.Seed","Label":"Seed","Category":"","Description":"","Attributes":0,"ValueType":"System.String"},"Value":"1388896686"}]}]}}
TpTrace Verbose: 0 : 79224, 14, 2022/03/16, 16:17:44.106, 7141740431463, vstest.console.dll, TestRunRequest:SendTestRunStatsChange: Starting.
TpTrace Verbose: 0 : 79224, 14, 2022/03/16, 16:17:44.106, 7141740434569, vstest.console.dll, InProgress is SuccessfulUsersLogin
TpTrace Information: 0 : 79224, 14, 2022/03/16, 16:17:44.106, 7141740437698, vstest.console.dll, TestRunRequest:SendTestRunStatsChange: Completed.
TpTrace Verbose: 0 : 79224, 14, 2022/03/16, 16:17:44.106, 7141740440547, vstest.console.dll, TcpClientExtensions.MessageLoopAsync: Polling on remoteEndPoint: 127.0.0.1:64737 localEndPoint: 127.0.0.1:64736
TpTrace Verbose: 0 : 79224, 14, 2022/03/16, 16:17:45.107, 7141750450277, vstest.console.dll, TcpClientExtensions.MessageLoopAsync: Polling on remoteEndPoint: 127.0.0.1:64737 localEndPoint: 127.0.0.1:64736
TpTrace Verbose: 0 : 79224, 14, 2022/03/16, 16:17:46.108, 7141760460203, vstest.console.dll, TcpClientExtensions.MessageLoopAsync: Polling on remoteEndPoint: 127.0.0.1:64737 localEndPoint: 127.0.0.1:64736
TpTrace Verbose: 0 : 79224, 14, 2022/03/16, 16:17:47.109, 7141770464609, vstest.console.dll, TcpClientExtensions.MessageLoopAsync: Polling on remoteEndPoint: 127.0.0.1:64737 localEndPoint: 127.0.0.1:64736
TpTrace Verbose: 0 : 79224, 14, 2022/03/16, 16:17:48.110, 7141780474633, vstest.console.dll, TcpClientExtensions.MessageLoopAsync: Polling on remoteEndPoint: 127.0.0.1:64737 localEndPoint: 127.0.0.1:64736
TpTrace Verbose: 0 : 79224, 14, 2022/03/16, 16:17:49.111, 7141790483288, vstest.console.dll, TcpClientExtensions.MessageLoopAsync: Polling on remoteEndPoint: 127.0.0.1:64737 localEndPoint: 127.0.0.1:64736
TpTrace Verbose: 0 : 79224, 14, 2022/03/16, 16:17:50.111, 7141800486384, vstest.console.dll, TcpClientExtensions.MessageLoopAsync: Polling on remoteEndPoint: 127.0.0.1:64737 localEndPoint: 127.0.0.1:64736
TpTrace Verbose: 0 : 79224, 14, 2022/03/16, 16:17:51.112, 7141810491655, vstest.console.dll, TcpClientExtensions.MessageLoopAsync: Polling on remoteEndPoint: 127.0.0.1:64737 localEndPoint: 127.0.0.1:64736
TpTrace Verbose: 0 : 79224, 14, 2022/03/16, 16:17:52.112, 7141820492688, vstest.console.dll, TcpClientExtensions.MessageLoopAsync: Polling on remoteEndPoint: 127.0.0.1:64737 localEndPoint: 127.0.0.1:64736
TpTrace Verbose: 0 : 79224, 14, 2022/03/16, 16:17:52.829, 7141827665545, vstest.console.dll, TcpClientExtensions.MessageLoopAsync: NotifyDataAvailable remoteEndPoint: 127.0.0.1:64737 localEndPoint: 127.0.0.1:64736
TpTrace Verbose: 0 : 79224, 14, 2022/03/16, 16:17:52.829, 7141827671177, vstest.console.dll, TestRequestSender.OnExecutionMessageReceived: Received message: {"Version":5,"MessageType":"TestSession.Message","Payload":{"MessageLevel":0,"Message":"Given User is navigated to home page\r\n-> done: LoginSpecsStepDefinitions.GivenUserIsNavigatedToHomePage() (2,3s)\r\nWhen User logs in by providing valid credentials username panos2 and password qwert1\r\n-> done: LoginSpecsStepDefinitions.WhenUserProvidesValidCredentials(\"panos2\", \"qwert1\") (0,8s)\r\nThen User is successfully logged in\r\n-> done: LoginSpecsStepDefinitions.ThenUserIsSuccessfullyLoggedIn() (0,0s)\r\n"}}
TpTrace Verbose: 0 : 79224, 14, 2022/03/16, 16:17:52.830, 7141827675031, vstest.console.dll, TestRunRequest:SendTestRunMessage: Starting.
TpTrace Information: 0 : 79224, 14, 2022/03/16, 16:17:52.830, 7141827677952, vstest.console.dll, TestRunRequest:SendTestRunMessage: Completed.
TpTrace Verbose: 0 : 79224, 14, 2022/03/16, 16:17:52.830, 7141827680818, vstest.console.dll, TcpClientExtensions.MessageLoopAsync: Polling on remoteEndPoint: 127.0.0.1:64737 localEndPoint: 127.0.0.1:64736
TpTrace Verbose: 0 : 79224, 14, 2022/03/16, 16:17:52.834, 7141827715761, vstest.console.dll, TcpClientExtensions.MessageLoopAsync: NotifyDataAvailable remoteEndPoint: 127.0.0.1:64737 localEndPoint: 127.0.0.1:64736
TpTrace Verbose: 0 : 79224, 14, 2022/03/16, 16:17:52.834, 7141827719293, vstest.console.dll, TestRequestSender.OnExecutionMessageReceived: Received message: {"Version":5,"MessageType":"TestExecution.StatsChange","Payload":{"NewTestResults":[{"TestCase":{"Id":"597014eb-db1f-2b0e-ac65-3ab25e4c7be6","FullyQualifiedName":"BDDExercise.Features.RegisterSpecsFeature.SuccessfulUsersLogin","DisplayName":"SuccessfulUsersLogin","ExecutorUri":"executor://NUnit3TestExecutor","Source":"C:\\Users\\p.terzis\\source\\repos\\BDDExercise\\BDDExercise\\bin\\Debug\\net6.0\\fine-code-coverage\\build-output\\BDDExercise.dll","CodeFilePath":null,"LineNumber":0,"Properties":[{"Key":{"Id":"NUnit.TestCategory","Label":"TestCategory","Category":"","Description":"","Attributes":5,"ValueType":"System.String[]"},"Value":["smoke"]},{"Key":{"Id":"NUnit.Seed","Label":"Seed","Category":"","Description":"","Attributes":0,"ValueType":"System.String"},"Value":"1388896686"}]},"Attachments":[],"Outcome":1,"ErrorMessage":null,"ErrorStackTrace":null,"DisplayName":"SuccessfulUsersLogin","Messages":[{"Category":"StdOutMsgs","Text":"Given User is navigated to home page\r\n-> done: LoginSpecsStepDefinitions.GivenUserIsNavigatedToHomePage() (2,3s)\r\nWhen User logs in by providing valid credentials username panos2 and password qwert1\r\n-> done: LoginSpecsStepDefinitions.WhenUserProvidesValidCredentials(\"panos2\", \"qwert1\") (0,8s)\r\nThen User is successfully logged in\r\n-> done: LoginSpecsStepDefinitions.ThenUserIsSuccessfullyLoggedIn() (0,0s)\r\n"}],"ComputerName":"TECH-AR242","Duration":"00:00:08.7309360","StartTime":"2022-03-16T14:17:44.0971406+00:00","EndTime":"2022-03-16T14:17:52.828097+00:00","Properties":[{"Key":{"Id":"NUnit.Seed","Label":"Seed","Category":"","Description":"","Attributes":0,"ValueType":"System.String"},"Value":"1388896686"}]}],"TestRunStatistics":{"ExecutedTests":7,"Stats":{"Passed":5,"Failed":2}},"ActiveTests":[{"Id":"2e475cc6-f2f6-06a3-bff2-93800682a5e6","FullyQualifiedName":"BDDExercise.Features.RegisterSpecsFeature.SuccessfulUsersRegistration","DisplayName":"SuccessfulUsersRegistration","ExecutorUri":"executor://NUnit3TestExecutor","Source":"C:\\Users\\p.terzis\\source\\repos\\BDDExercise\\BDDExercise\\bin\\Debug\\net6.0\\fine-code-coverage\\build-output\\BDDExercise.dll","CodeFilePath":null,"LineNumber":0,"Properties":[{"Key":{"Id":"NUnit.TestCategory","Label":"TestCategory","Category":"","Description":"","Attributes":5,"ValueType":"System.String[]"},"Value":["smoke"]},{"Key":{"Id":"NUnit.Seed","Label":"Seed","Category":"","Description":"","Attributes":0,"ValueType":"System.String"},"Value":"1958146515"}]}]}}
TpTrace Verbose: 0 : 79224, 14, 2022/03/16, 16:17:52.836, 7141827732531, vstest.console.dll, TestRunRequest:SendTestRunStatsChange: Starting.
TpTrace Verbose: 0 : 79224, 14, 2022/03/16, 16:17:52.836, 7141827735209, vstest.console.dll, InProgress is SuccessfulUsersRegistration
TpTrace Information: 0 : 79224, 14, 2022/03/16, 16:17:52.836, 7141827737949, vstest.console.dll, TestRunRequest:SendTestRunStatsChange: Completed.
TpTrace Verbose: 0 : 79224, 14, 2022/03/16, 16:17:52.836, 7141827740094, vstest.console.dll, TcpClientExtensions.MessageLoopAsync: Polling on remoteEndPoint: 127.0.0.1:64737 localEndPoint: 127.0.0.1:64736
TpTrace Verbose: 0 : 79224, 14, 2022/03/16, 16:17:53.837, 7141837745795, vstest.console.dll, TcpClientExtensions.MessageLoopAsync: Polling on remoteEndPoint: 127.0.0.1:64737 localEndPoint: 127.0.0.1:64736
TpTrace Verbose: 0 : 79224, 14, 2022/03/16, 16:17:54.837, 7141847748563, vstest.console.dll, TcpClientExtensions.MessageLoopAsync: Polling on remoteEndPoint: 127.0.0.1:64737 localEndPoint: 127.0.0.1:64736
TpTrace Verbose: 0 : 79224, 14, 2022/03/16, 16:17:55.837, 7141857748667, vstest.console.dll, TcpClientExtensions.MessageLoopAsync: Polling on remoteEndPoint: 127.0.0.1:64737 localEndPoint: 127.0.0.1:64736
TpTrace Verbose: 0 : 79224, 14, 2022/03/16, 16:17:56.838, 7141867751549, vstest.console.dll, TcpClientExtensions.MessageLoopAsync: Polling on remoteEndPoint: 127.0.0.1:64737 localEndPoint: 127.0.0.1:64736
TpTrace Verbose: 0 : 79224, 14, 2022/03/16, 16:17:57.838, 7141877761149, vstest.console.dll, TcpClientExtensions.MessageLoopAsync: Polling on remoteEndPoint: 127.0.0.1:64737 localEndPoint: 127.0.0.1:64736
TpTrace Verbose: 0 : 79224, 14, 2022/03/16, 16:17:58.839, 7141887765337, vstest.console.dll, TcpClientExtensions.MessageLoopAsync: Polling on remoteEndPoint: 127.0.0.1:64737 localEndPoint: 127.0.0.1:64736
TpTrace Verbose: 0 : 79224, 14, 2022/03/16, 16:17:59.840, 7141897772195, vstest.console.dll, TcpClientExtensions.MessageLoopAsync: Polling on remoteEndPoint: 127.0.0.1:64737 localEndPoint: 127.0.0.1:64736
TpTrace Verbose: 0 : 79224, 14, 2022/03/16, 16:18:00.840, 7141907773125, vstest.console.dll, TcpClientExtensions.MessageLoopAsync: Polling on remoteEndPoint: 127.0.0.1:64737 localEndPoint: 127.0.0.1:64736
TpTrace Verbose: 0 : 79224, 14, 2022/03/16, 16:18:01.831, 7141917684415, vstest.console.dll, TcpClientExtensions.MessageLoopAsync: NotifyDataAvailable remoteEndPoint: 127.0.0.1:64737 localEndPoint: 127.0.0.1:64736
TpTrace Verbose: 0 : 79224, 14, 2022/03/16, 16:18:01.831, 7141917688632, vstest.console.dll, TestRequestSender.OnExecutionMessageReceived: Received message: {"Version":5,"MessageType":"TestSession.Message","Payload":{"MessageLevel":0,"Message":"Given User is navigated to home page\r\n-> done: LoginSpecsStepDefinitions.GivenUserIsNavigatedToHomePage() (1,9s)\r\nAnd User is navigated to registration page\r\n-> done: RegistrationSpecsStepDefinitions.GivenUserIsNavigatedToRegistrationPage() (1,0s)\r\nWhen User provides first name firstName\r\n-> done: RegistrationSpecsStepDefinitions.WhenUserProvidesFirstName(\"firstName\") (0,0s)\r\nAnd User provides last name lastName\r\n-> done: RegistrationSpecsStepDefinitions.WhenUserProvidesLastName(\"lastName\") (0,0s)\r\nAnd User provides address address1\r\n-> done: RegistrationSpecsStepDefinitions.WhenUserProvidesAddress(\"address1\") (0,0s)\r\nAnd User provides city city1\r\n-> done: RegistrationSpecsStepDefinitions.WhenUserProvidesCity(\"city1\") (0,0s)\r\nAnd User provides state state1\r\n-> done: RegistrationSpecsStepDefinitions.WhenUserProvidesState(\"state1\") (0,0s)\r\nAnd User provides zip code zipCode1\r\n-> done: RegistrationSpecsStepDefinitions.WhenUserProvidesZipCode(\"zipCode1\") (0,0s)\r\nAnd User provides phone phone1\r\n-> done: RegistrationSpecsStepDefinitions.WhenUserProvidesPhone(\"phone1\") (0,0s)\r\nAnd User provides SSN ssn1\r\n-> done: RegistrationSpecsStepDefinitions.WhenUserProvidesSSN(\"ssn1\") (0,0s)\r\nAnd User provides random username\r\n-> done: RegistrationSpecsStepDefinitions.WhenUserProvidesRandomUsername() (0,0s)\r\nAnd User provides random password\r\n-> done: RegistrationSpecsStepDefinitions.WhenUserProvidesRandomPassword() (0,0s)\r\nAnd User provides repeated random password\r\n-> done: RegistrationSpecsStepDefinitions.WhenUserProvidesRandomRepeatedPassword() (0,0s)\r\nAnd User submits registration form\r\n-> done: RegistrationSpecsStepDefinitions.WhenUserSubmitsRegistrationForm() (0,4s)\r\nThen User is registered successfully\r\n-> done: RegistrationSpecsStepDefinitions.ThenUserIsRegisteredSuccessfully() (0,0s)\r\n"}}
TpTrace Verbose: 0 : 79224, 14, 2022/03/16, 16:18:01.832, 7141917693232, vstest.console.dll, TestRunRequest:SendTestRunMessage: Starting.
TpTrace Information: 0 : 79224, 14, 2022/03/16, 16:18:01.832, 7141917697402, vstest.console.dll, TestRunRequest:SendTestRunMessage: Completed.
TpTrace Verbose: 0 : 79224, 14, 2022/03/16, 16:18:01.832, 7141917700041, vstest.console.dll, TcpClientExtensions.MessageLoopAsync: Polling on remoteEndPoint: 127.0.0.1:64737 localEndPoint: 127.0.0.1:64736
TpTrace Verbose: 0 : 79224, 14, 2022/03/16, 16:18:01.836, 7141917732604, vstest.console.dll, TcpClientExtensions.MessageLoopAsync: NotifyDataAvailable remoteEndPoint: 127.0.0.1:64737 localEndPoint: 127.0.0.1:64736
TpTrace Verbose: 0 : 79224, 14, 2022/03/16, 16:18:01.836, 7141917736589, vstest.console.dll, TestRequestSender.OnExecutionMessageReceived: Received message: {"Version":5,"MessageType":"TestExecution.StatsChange","Payload":{"NewTestResults":[{"TestCase":{"Id":"2e475cc6-f2f6-06a3-bff2-93800682a5e6","FullyQualifiedName":"BDDExercise.Features.RegisterSpecsFeature.SuccessfulUsersRegistration","DisplayName":"SuccessfulUsersRegistration","ExecutorUri":"executor://NUnit3TestExecutor","Source":"C:\\Users\\p.terzis\\source\\repos\\BDDExercise\\BDDExercise\\bin\\Debug\\net6.0\\fine-code-coverage\\build-output\\BDDExercise.dll","CodeFilePath":null,"LineNumber":0,"Properties":[{"Key":{"Id":"NUnit.TestCategory","Label":"TestCategory","Category":"","Description":"","Attributes":5,"ValueType":"System.String[]"},"Value":["smoke"]},{"Key":{"Id":"NUnit.Seed","Label":"Seed","Category":"","Description":"","Attributes":0,"ValueType":"System.String"},"Value":"1958146515"}]},"Attachments":[],"Outcome":1,"ErrorMessage":null,"ErrorStackTrace":null,"DisplayName":"SuccessfulUsersRegistration","Messages":[{"Category":"StdOutMsgs","Text":"Given User is navigated to home page\r\n-> done: LoginSpecsStepDefinitions.GivenUserIsNavigatedToHomePage() (1,9s)\r\nAnd User is navigated to registration page\r\n-> done: RegistrationSpecsStepDefinitions.GivenUserIsNavigatedToRegistrationPage() (1,0s)\r\nWhen User provides first name firstName\r\n-> done: RegistrationSpecsStepDefinitions.WhenUserProvidesFirstName(\"firstName\") (0,0s)\r\nAnd User provides last name lastName\r\n-> done: RegistrationSpecsStepDefinitions.WhenUserProvidesLastName(\"lastName\") (0,0s)\r\nAnd User provides address address1\r\n-> done: RegistrationSpecsStepDefinitions.WhenUserProvidesAddress(\"address1\") (0,0s)\r\nAnd User provides city city1\r\n-> done: RegistrationSpecsStepDefinitions.WhenUserProvidesCity(\"city1\") (0,0s)\r\nAnd User provides state state1\r\n-> done: RegistrationSpecsStepDefinitions.WhenUserProvidesState(\"state1\") (0,0s)\r\nAnd User provides zip code zipCode1\r\n-> done: RegistrationSpecsStepDefinitions.WhenUserProvidesZipCode(\"zipCode1\") (0,0s)\r\nAnd User provides phone phone1\r\n-> done: RegistrationSpecsStepDefinitions.WhenUserProvidesPhone(\"phone1\") (0,0s)\r\nAnd User provides SSN ssn1\r\n-> done: RegistrationSpecsStepDefinitions.WhenUserProvidesSSN(\"ssn1\") (0,0s)\r\nAnd User provides random username\r\n-> done: RegistrationSpecsStepDefinitions.WhenUserProvidesRandomUsername() (0,0s)\r\nAnd User provides random password\r\n-> done: RegistrationSpecsStepDefinitions.WhenUserProvidesRandomPassword() (0,0s)\r\nAnd User provides repeated random password\r\n-> done: RegistrationSpecsStepDefinitions.WhenUserProvidesRandomRepeatedPassword() (0,0s)\r\nAnd User submits registration form\r\n-> done: RegistrationSpecsStepDefinitions.WhenUserSubmitsRegistrationForm() (0,4s)\r\nThen User is registered successfully\r\n-> done: RegistrationSpecsStepDefinitions.ThenUserIsRegisteredSuccessfully() (0,0s)\r\n"}],"ComputerName":"TECH-AR242","Duration":"00:00:09.0016550","StartTime":"2022-03-16T14:17:52.8281332+00:00","EndTime":"2022-03-16T14:18:01.8298089+00:00","Properties":[{"Key":{"Id":"NUnit.Seed","Label":"Seed","Category":"","Description":"","Attributes":0,"ValueType":"System.String"},"Value":"1958146515"}]}],"TestRunStatistics":{"ExecutedTests":8,"Stats":{"Passed":6,"Failed":2}},"ActiveTests":[{"Id":"8f916a74-c003-dda0-bdd3-b3eb938892b9","FullyQualifiedName":"BDDExercise.Features.RegisterSpecsFeature.UserIsAlreadyRegistered","DisplayName":"UserIsAlreadyRegistered","ExecutorUri":"executor://NUnit3TestExecutor","Source":"C:\\Users\\p.terzis\\source\\repos\\BDDExercise\\BDDExercise\\bin\\Debug\\net6.0\\fine-code-coverage\\build-output\\BDDExercise.dll","CodeFilePath":null,"LineNumber":0,"Properties":[{"Key":{"Id":"NUnit.TestCategory","Label":"TestCategory","Category":"","Description":"","Attributes":5,"ValueType":"System.String[]"},"Value":["smoke"]},{"Key":{"Id":"NUnit.Seed","Label":"Seed","Category":"","Description":"","Attributes":0,"ValueType":"System.String"},"Value":"830602425"}]}]}}
TpTrace Verbose: 0 : 79224, 14, 2022/03/16, 16:18:01.837, 7141917749366, vstest.console.dll, TestRunRequest:SendTestRunStatsChange: Starting.
TpTrace Verbose: 0 : 79224, 14, 2022/03/16, 16:18:01.838, 7141917751560, vstest.console.dll, InProgress is UserIsAlreadyRegistered
TpTrace Information: 0 : 79224, 14, 2022/03/16, 16:18:01.838, 7141917753630, vstest.console.dll, TestRunRequest:SendTestRunStatsChange: Completed.
TpTrace Verbose: 0 : 79224, 14, 2022/03/16, 16:18:01.838, 7141917755718, vstest.console.dll, TcpClientExtensions.MessageLoopAsync: Polling on remoteEndPoint: 127.0.0.1:64737 localEndPoint: 127.0.0.1:64736
TpTrace Verbose: 0 : 79224, 14, 2022/03/16, 16:18:02.838, 7141927755586, vstest.console.dll, TcpClientExtensions.MessageLoopAsync: Polling on remoteEndPoint: 127.0.0.1:64737 localEndPoint: 127.0.0.1:64736
TpTrace Verbose: 0 : 79224, 14, 2022/03/16, 16:18:03.839, 7141937761589, vstest.console.dll, TcpClientExtensions.MessageLoopAsync: Polling on remoteEndPoint: 127.0.0.1:64737 localEndPoint: 127.0.0.1:64736
TpTrace Verbose: 0 : 79224, 14, 2022/03/16, 16:18:04.839, 7141947765690, vstest.console.dll, TcpClientExtensions.MessageLoopAsync: Polling on remoteEndPoint: 127.0.0.1:64737 localEndPoint: 127.0.0.1:64736
TpTrace Verbose: 0 : 79224, 14, 2022/03/16, 16:18:05.839, 7141957765742, vstest.console.dll, TcpClientExtensions.MessageLoopAsync: Polling on remoteEndPoint: 127.0.0.1:64737 localEndPoint: 127.0.0.1:64736
TpTrace Verbose: 0 : 79224, 14, 2022/03/16, 16:18:06.840, 7141967773382, vstest.console.dll, TcpClientExtensions.MessageLoopAsync: Polling on remoteEndPoint: 127.0.0.1:64737 localEndPoint: 127.0.0.1:64736
TpTrace Verbose: 0 : 79224, 14, 2022/03/16, 16:18:07.840, 7141977773436, vstest.console.dll, TcpClientExtensions.MessageLoopAsync: Polling on remoteEndPoint: 127.0.0.1:64737 localEndPoint: 127.0.0.1:64736
TpTrace Verbose: 0 : 79224, 14, 2022/03/16, 16:18:08.840, 7141987778510, vstest.console.dll, TcpClientExtensions.MessageLoopAsync: Polling on remoteEndPoint: 127.0.0.1:64737 localEndPoint: 127.0.0.1:64736
TpTrace Verbose: 0 : 79224, 14, 2022/03/16, 16:18:09.841, 7141997783933, vstest.console.dll, TcpClientExtensions.MessageLoopAsync: Polling on remoteEndPoint: 127.0.0.1:64737 localEndPoint: 127.0.0.1:64736
TpTrace Verbose: 0 : 79224, 14, 2022/03/16, 16:18:10.841, 7142007789309, vstest.console.dll, TcpClientExtensions.MessageLoopAsync: Polling on remoteEndPoint: 127.0.0.1:64737 localEndPoint: 127.0.0.1:64736
TpTrace Verbose: 0 : 79224, 14, 2022/03/16, 16:18:11.491, 7142014290661, vstest.console.dll, TcpClientExtensions.MessageLoopAsync: NotifyDataAvailable remoteEndPoint: 127.0.0.1:64737 localEndPoint: 127.0.0.1:64736
TpTrace Verbose: 0 : 79224, 14, 2022/03/16, 16:18:11.492, 7142014294917, vstest.console.dll, TestRequestSender.OnExecutionMessageReceived: Received message: {"Version":5,"MessageType":"TestSession.Message","Payload":{"MessageLevel":0,"Message":"Given User is navigated to home page\r\n-> done: LoginSpecsStepDefinitions.GivenUserIsNavigatedToHomePage() (1,9s)\r\nAnd User is navigated to registration page\r\n-> done: RegistrationSpecsStepDefinitions.GivenUserIsNavigatedToRegistrationPage() (1,0s)\r\nWhen User provides first name firstName\r\n-> done: RegistrationSpecsStepDefinitions.WhenUserProvidesFirstName(\"firstName\") (0,0s)\r\nAnd User provides last name lastName\r\n-> done: RegistrationSpecsStepDefinitions.WhenUserProvidesLastName(\"lastName\") (0,0s)\r\nAnd User provides address address1\r\n-> done: RegistrationSpecsStepDefinitions.WhenUserProvidesAddress(\"address1\") (0,0s)\r\nAnd User provides city city1\r\n-> done: RegistrationSpecsStepDefinitions.WhenUserProvidesCity(\"city1\") (0,0s)\r\nAnd User provides state state1\r\n-> done: RegistrationSpecsStepDefinitions.WhenUserProvidesState(\"state1\") (0,0s)\r\nAnd User provides zip code zipCode1\r\n-> done: RegistrationSpecsStepDefinitions.WhenUserProvidesZipCode(\"zipCode1\") (0,0s)\r\nAnd User provides phone phone1\r\n-> done: RegistrationSpecsStepDefinitions.WhenUserProvidesPhone(\"phone1\") (0,0s)\r\nAnd User provides SSN ssn1\r\n-> done: RegistrationSpecsStepDefinitions.WhenUserProvidesSSN(\"ssn1\") (0,0s)\r\nAnd User provides username panos2\r\n-> done: RegistrationSpecsStepDefinitions.WhenUserProvidesUsername(\"panos2\") (0,0s)\r\nAnd User provides password qwert1\r\n-> done: RegistrationSpecsStepDefinitions.WhenUserProvidesPassword(\"qwert1\") (0,0s)\r\nAnd User provides repeated password qwert1\r\n-> done: RegistrationSpecsStepDefinitions.WhenUserProvidesRepeatedPassword(\"qwert1\") (0,0s)\r\nAnd User submits registration form\r\n-> done: RegistrationSpecsStepDefinitions.WhenUserSubmitsRegistrationForm() (0,3s)\r\nThen User is already registered\r\n-> done: RegistrationSpecsStepDefinitions.ThenUserIsAlreadyRegistered() (0,0s)\r\n"}}
TpTrace Verbose: 0 : 79224, 14, 2022/03/16, 16:18:11.492, 7142014298839, vstest.console.dll, TestRunRequest:SendTestRunMessage: Starting.
TpTrace Information: 0 : 79224, 14, 2022/03/16, 16:18:11.493, 7142014301662, vstest.console.dll, TestRunRequest:SendTestRunMessage: Completed.
TpTrace Verbose: 0 : 79224, 14, 2022/03/16, 16:18:11.493, 7142014303753, vstest.console.dll, TcpClientExtensions.MessageLoopAsync: Polling on remoteEndPoint: 127.0.0.1:64737 localEndPoint: 127.0.0.1:64736
TpTrace Verbose: 0 : 79224, 14, 2022/03/16, 16:18:12.337, 7142022746644, vstest.console.dll, TcpClientExtensions.MessageLoopAsync: NotifyDataAvailable remoteEndPoint: 127.0.0.1:64737 localEndPoint: 127.0.0.1:64736
TpTrace Verbose: 0 : 79224, 14, 2022/03/16, 16:18:12.337, 7142022749553, vstest.console.dll, TestRequestSender.OnExecutionMessageReceived: Received message: {"Version":5,"MessageType":"TestExecution.StatsChange","Payload":{"NewTestResults":[{"TestCase":{"Id":"8f916a74-c003-dda0-bdd3-b3eb938892b9","FullyQualifiedName":"BDDExercise.Features.RegisterSpecsFeature.UserIsAlreadyRegistered","DisplayName":"UserIsAlreadyRegistered","ExecutorUri":"executor://NUnit3TestExecutor","Source":"C:\\Users\\p.terzis\\source\\repos\\BDDExercise\\BDDExercise\\bin\\Debug\\net6.0\\fine-code-coverage\\build-output\\BDDExercise.dll","CodeFilePath":null,"LineNumber":0,"Properties":[{"Key":{"Id":"NUnit.TestCategory","Label":"TestCategory","Category":"","Description":"","Attributes":5,"ValueType":"System.String[]"},"Value":["smoke"]},{"Key":{"Id":"NUnit.Seed","Label":"Seed","Category":"","Description":"","Attributes":0,"ValueType":"System.String"},"Value":"830602425"}]},"Attachments":[],"Outcome":1,"ErrorMessage":null,"ErrorStackTrace":null,"DisplayName":"UserIsAlreadyRegistered","Messages":[{"Category":"StdOutMsgs","Text":"Given User is navigated to home page\r\n-> done: LoginSpecsStepDefinitions.GivenUserIsNavigatedToHomePage() (1,9s)\r\nAnd User is navigated to registration page\r\n-> done: RegistrationSpecsStepDefinitions.GivenUserIsNavigatedToRegistrationPage() (1,0s)\r\nWhen User provides first name firstName\r\n-> done: RegistrationSpecsStepDefinitions.WhenUserProvidesFirstName(\"firstName\") (0,0s)\r\nAnd User provides last name lastName\r\n-> done: RegistrationSpecsStepDefinitions.WhenUserProvidesLastName(\"lastName\") (0,0s)\r\nAnd User provides address address1\r\n-> done: RegistrationSpecsStepDefinitions.WhenUserProvidesAddress(\"address1\") (0,0s)\r\nAnd User provides city city1\r\n-> done: RegistrationSpecsStepDefinitions.WhenUserProvidesCity(\"city1\") (0,0s)\r\nAnd User provides state state1\r\n-> done: RegistrationSpecsStepDefinitions.WhenUserProvidesState(\"state1\") (0,0s)\r\nAnd User provides zip code zipCode1\r\n-> done: RegistrationSpecsStepDefinitions.WhenUserProvidesZipCode(\"zipCode1\") (0,0s)\r\nAnd User provides phone phone1\r\n-> done: RegistrationSpecsStepDefinitions.WhenUserProvidesPhone(\"phone1\") (0,0s)\r\nAnd User provides SSN ssn1\r\n-> done: RegistrationSpecsStepDefinitions.WhenUserProvidesSSN(\"ssn1\") (0,0s)\r\nAnd User provides username panos2\r\n-> done: RegistrationSpecsStepDefinitions.WhenUserProvidesUsername(\"panos2\") (0,0s)\r\nAnd User provides password qwert1\r\n-> done: RegistrationSpecsStepDefinitions.WhenUserProvidesPassword(\"qwert1\") (0,0s)\r\nAnd User provides repeated password qwert1\r\n-> done: RegistrationSpecsStepDefinitions.WhenUserProvidesRepeatedPassword(\"qwert1\") (0,0s)\r\nAnd User submits registration form\r\n-> done: RegistrationSpecsStepDefinitions.WhenUserSubmitsRegistrationForm() (0,3s)\r\nThen User is already registered\r\n-> done: RegistrationSpecsStepDefinitions.ThenUserIsAlreadyRegistered() (0,0s)\r\n"}],"ComputerName":"TECH-AR242","Duration":"00:00:09.6606990","StartTime":"2022-03-16T14:18:01.8298429+00:00","EndTime":"2022-03-16T14:18:11.4905636+00:00","Properties":[{"Key":{"Id":"NUnit.Seed","Label":"Seed","Category":"","Description":"","Attributes":0,"ValueType":"System.String"},"Value":"830602425"}]}],"TestRunStatistics":{"ExecutedTests":9,"Stats":{"Passed":7,"Failed":2}},"ActiveTests":[]}}
TpTrace Verbose: 0 : 79224, 14, 2022/03/16, 16:18:12.338, 7142022758653, vstest.console.dll, TestRunRequest:SendTestRunStatsChange: Starting.
TpTrace Information: 0 : 79224, 14, 2022/03/16, 16:18:12.338, 7142022760359, vstest.console.dll, TestRunRequest:SendTestRunStatsChange: Completed.
TpTrace Verbose: 0 : 79224, 14, 2022/03/16, 16:18:12.339, 7142022761750, vstest.console.dll, TcpClientExtensions.MessageLoopAsync: Polling on remoteEndPoint: 127.0.0.1:64737 localEndPoint: 127.0.0.1:64736
TpTrace Verbose: 0 : 79224, 14, 2022/03/16, 16:18:12.382, 7142023199368, vstest.console.dll, TcpClientExtensions.MessageLoopAsync: NotifyDataAvailable remoteEndPoint: 127.0.0.1:64737 localEndPoint: 127.0.0.1:64736
TpTrace Verbose: 0 : 79224, 14, 2022/03/16, 16:18:12.383, 7142023201574, vstest.console.dll, TestRequestSender.OnExecutionMessageReceived: Received message: {"Version":5,"MessageType":"TestSession.Message","Payload":{"MessageLevel":0,"Message":"NUnit Adapter 4.1.0.0: Test execution complete"}}
TpTrace Verbose: 0 : 79224, 14, 2022/03/16, 16:18:12.383, 7142023205053, vstest.console.dll, TestRunRequest:SendTestRunMessage: Starting.
TpTrace Information: 0 : 79224, 14, 2022/03/16, 16:18:12.383, 7142023206662, vstest.console.dll, TestRunRequest:SendTestRunMessage: Completed.
TpTrace Verbose: 0 : 79224, 14, 2022/03/16, 16:18:12.383, 7142023208048, vstest.console.dll, TcpClientExtensions.MessageLoopAsync: Polling on remoteEndPoint: 127.0.0.1:64737 localEndPoint: 127.0.0.1:64736
TpTrace Verbose: 0 : 79224, 14, 2022/03/16, 16:18:12.395, 7142023325647, vstest.console.dll, TcpClientExtensions.MessageLoopAsync: NotifyDataAvailable remoteEndPoint: 127.0.0.1:64737 localEndPoint: 127.0.0.1:64736
TpTrace Verbose: 0 : 79224, 14, 2022/03/16, 16:18:12.395, 7142023327766, vstest.console.dll, TestRequestSender.OnExecutionMessageReceived: Received message: {"Version":5,"MessageType":"TestExecution.Completed","Payload":{"TestRunCompleteArgs":{"TestRunStatistics":{"ExecutedTests":9,"Stats":{"Passed":7,"Failed":2}},"IsCanceled":false,"IsAborted":false,"Error":null,"AttachmentSets":[],"ElapsedTimeInRunningTests":"00:01:24.5934149","Metrics":{}},"LastRunTests":{"NewTestResults":[],"TestRunStatistics":{"ExecutedTests":9,"Stats":{"Passed":7,"Failed":2}},"ActiveTests":[]},"RunAttachments":[],"ExecutorUris":["executor://nunit3testexecutor/"]}}
TpTrace Verbose: 0 : 79224, 14, 2022/03/16, 16:18:12.395, 7142023330027, vstest.console.dll, TestRequestSender.EndSession: Sending end session.
TpTrace Verbose: 0 : 79224, 14, 2022/03/16, 16:18:12.396, 7142023332378, vstest.console.dll, ProxyOperationManager.Close: waiting for test host to exit for 100 ms
TpTrace Warning: 0 : 79224, 13, 2022/03/16, 16:18:12.408, 7142023457349, vstest.console.dll, TestHostManagerCallbacks.ErrorReceivedCallback Test host standard error line: 
TpTrace Verbose: 0 : 79224, 8, 2022/03/16, 16:18:12.417, 7142023545724, vstest.console.dll, TestHostProvider.ExitCallBack: Host exited starting callback.
TpTrace Information: 0 : 79224, 8, 2022/03/16, 16:18:12.418, 7142023551597, vstest.console.dll, TestHostManagerCallbacks.ExitCallBack: Testhost processId: 74736 exited with exitcode: 0 error: ''
TpTrace Verbose: 0 : 79224, 8, 2022/03/16, 16:18:12.418, 7142023553374, vstest.console.dll, DotnetTestHostManager.OnHostExited: invoking OnHostExited callback
TpTrace Verbose: 0 : 79224, 8, 2022/03/16, 16:18:12.418, 7142023554866, vstest.console.dll, CrossPlatEngine.TestHostManagerHostExited: calling on client process exit callback.
TpTrace Information: 0 : 79224, 8, 2022/03/16, 16:18:12.418, 7142023556407, vstest.console.dll, TestRequestSender.OnClientProcessExit: Test host process exited. Standard error: 
TpTrace Warning: 0 : 79224, 14, 2022/03/16, 16:18:12.418, 7142023556424, vstest.console.dll, ProxyOperationManager: Timed out waiting for test host to exit. Will terminate process.
TpTrace Information: 0 : 79224, 8, 2022/03/16, 16:18:12.418, 7142023557906, vstest.console.dll, SocketServer.Stop: Stop server endPoint: 127.0.0.1:64736
TpTrace Information: 0 : 79224, 8, 2022/03/16, 16:18:12.419, 7142023560935, vstest.console.dll, SocketServer.Stop: Cancellation requested. Stopping message loop.
TpTrace Verbose: 0 : 79224, 14, 2022/03/16, 16:18:12.419, 7142023564601, vstest.console.dll, ProxyDataCollectionManager.InvokeDataCollectionServiceAction: Starting.
TpTrace Information: 0 : 79224, 14, 2022/03/16, 16:18:12.419, 7142023566149, vstest.console.dll, ProxyDataCollectionManager.AfterTestRunEnd: Get attachment set for datacollector processId: 30004 port: 64733
TpTrace Verbose: 0 : 79224, 14, 2022/03/16, 16:18:12.419, 7142023567661, vstest.console.dll, DataCollectionRequestSender.SendAfterTestRunStartAndGetResult : Send AfterTestRunEnd message with isCancelled: False
TpTrace Verbose: 0 : 79224, 14, 2022/03/16, 16:18:12.423, 7142023604084, vstest.console.dll, DataCollectionRequestSender.SendAfterTestRunStartAndGetResult : Received message: (DataCollection.AfterTestRunEndResult) -> {
  "AttachmentSets": [],
  "Metrics": {}
}
TpTrace Information: 0 : 79224, 14, 2022/03/16, 16:18:12.425, 7142023623285, vstest.console.dll, ProxyDataCollectionManager.InvokeDataCollectionServiceAction: Completed.
TpTrace Warning: 0 : 79224, 10, 2022/03/16, 16:18:12.427, 7142023645704, vstest.console.dll, DataCollectionLauncher.ErrorReceivedCallback datacollector standard error line: 
TpTrace Information: 0 : 79224, 8, 2022/03/16, 16:18:12.431, 7142023686424, vstest.console.dll, DataCollectionLauncher.ExitCallBack: Data collector exited with exitcode: 0 error: ''
TpTrace Verbose: 0 : 79224, 14, 2022/03/16, 16:18:12.435, 7142023729769, vstest.console.dll, TestRunRequest:SendTestRunStatsChange: Starting.
TpTrace Information: 0 : 79224, 14, 2022/03/16, 16:18:12.436, 7142023731947, vstest.console.dll, TestRunRequest:SendTestRunStatsChange: Completed.
TpTrace Verbose: 0 : 79224, 14, 2022/03/16, 16:18:12.436, 7142023734750, vstest.console.dll, ParallelProxyExecutionManager: HandlePartialRunComplete: Total completed clients = 1, Run complete = True, Run canceled: False.
TpTrace Verbose: 0 : 79224, 14, 2022/03/16, 16:18:12.450, 7142023880726, vstest.console.dll, TestRunRequest:TestRunComplete: Starting. IsAborted:False IsCanceled:False.
TpTrace Verbose: 0 : 79224, 14, 2022/03/16, 16:18:12.451, 7142023883865, vstest.console.dll, TestLoggerManager.HandleTestRunComplete: Ignoring as the object is disposed.
TpTrace Information: 0 : 79224, 14, 2022/03/16, 16:18:12.451, 7142023887274, vstest.console.dll, TestRunRequest:TestRunComplete: Completed.
TpTrace Verbose: 0 : 79224, 1, 2022/03/16, 16:18:12.451, 7142023887605, vstest.console.dll, TestRunRequest.Dispose: Starting.
TpTrace Verbose: 0 : 79224, 14, 2022/03/16, 16:18:12.451, 7142023888913, vstest.console.dll, TestRequestSender.SetOperationComplete: Setting operation complete.
TpTrace Information: 0 : 79224, 1, 2022/03/16, 16:18:12.451, 7142023890773, vstest.console.dll, TestRunRequest.Dispose: Completed.
TpTrace Information: 0 : 79224, 14, 2022/03/16, 16:18:12.452, 7142023892371, vstest.console.dll, SocketServer.Stop: Stop server endPoint: 127.0.0.1:64736
TpTrace Information: 0 : 79224, 1, 2022/03/16, 16:18:12.452, 7142023893877, vstest.console.dll, TestRequestManager.RunTests: run tests completed.
TpTrace Information: 0 : 79224, 14, 2022/03/16, 16:18:12.452, 7142023895374, vstest.console.dll, SocketServer.Stop: Cancellation requested. Stopping message loop.
TpTrace Information: 0 : 79224, 1, 2022/03/16, 16:18:12.452, 7142023895776, vstest.console.dll, RunTestsArgumentProcessor:Execute: Test run is completed.
TpTrace Information: 0 : 79224, 14, 2022/03/16, 16:18:12.452, 7142023896967, vstest.console.dll, SocketServer.PrivateStop: Stopping server endPoint: 127.0.0.1:64736 error: 
TpTrace Verbose: 0 : 79224, 1, 2022/03/16, 16:18:12.452, 7142023899612, vstest.console.dll, Executor.Execute: Exiting with exit code of 1
TpTrace Verbose: 0 : 79224, 14, 2022/03/16, 16:18:12.453, 7142023903334, vstest.console.dll, LengthPrefixCommunicationChannel.Dispose: Dispose reader and writer.
